INFO: [VRFC 10-2263] Analyzing Verilog file "/home/carljohnsen/vivado/PipelinedMIPS-BRAM/PipelinedMIPS-BRAM.sim/sim_1/impl/func/design_1_wrapper_func_impl.v" into library xil_defaultlib
INFO: [VRFC 10-311] analyzing module design_1
INFO: [VRFC 10-311] analyzing module design_1_PipelinedMIPS_export_0_0
INFO: [VRFC 10-311] analyzing module design_1_PipelinedMIPS_export_0_0_EX_BranchAdder
INFO: [VRFC 10-311] analyzing module design_1_PipelinedMIPS_export_0_0_EX_ForwardAMux
INFO: [VRFC 10-311] analyzing module design_1_PipelinedMIPS_export_0_0_EX_ForwardBMux
INFO: [VRFC 10-311] analyzing module design_1_PipelinedMIPS_export_0_0_EX_Pipe
INFO: [VRFC 10-311] analyzing module design_1_PipelinedMIPS_export_0_0_ID_Instruction_Mux
INFO: [VRFC 10-311] analyzing module design_1_PipelinedMIPS_export_0_0_ID_Pipe
INFO: [VRFC 10-311] analyzing module design_1_PipelinedMIPS_export_0_0_ID_Register
INFO: [VRFC 10-311] analyzing module design_1_PipelinedMIPS_export_0_0_IF_PC
INFO: [VRFC 10-311] analyzing module design_1_PipelinedMIPS_export_0_0_IF_Pipe
INFO: [VRFC 10-311] analyzing module design_1_PipelinedMIPS_export_0_0_MEM_Memory
INFO: [VRFC 10-311] analyzing module design_1_PipelinedMIPS_export_0_0_MEM_Pipe
INFO: [VRFC 10-311] analyzing module design_1_PipelinedMIPS_export_0_0_PipelinedMIPS
INFO: [VRFC 10-311] analyzing module design_1_PipelinedMIPS_export_0_0_PipelinedMIPS_export
INFO: [VRFC 10-311] analyzing module design_1_blk_mem_gen_0_2
INFO: [VRFC 10-311] analyzing module design_1_blk_mem_gen_1_0
INFO: [VRFC 10-311] analyzing module design_1_util_vector_logic_0_0
INFO: [VRFC 10-311] analyzing module design_1_wrapper
INFO: [VRFC 10-311] analyzing module design_1_xlconstant_0_0
INFO: [VRFC 10-311] analyzing module design_1_blk_mem_gen_0_2_blk_mem_gen_generic_cstr
INFO: [VRFC 10-311] analyzing module design_1_blk_mem_gen_0_2_blk_mem_gen_prim_width
INFO: [VRFC 10-311] analyzing module design_1_blk_mem_gen_0_2_blk_mem_gen_prim_width__parameterized0
INFO: [VRFC 10-311] analyzing module design_1_blk_mem_gen_0_2_blk_mem_gen_prim_wrapper
INFO: [VRFC 10-311] analyzing module design_1_blk_mem_gen_0_2_blk_mem_gen_prim_wrapper__parameterized0
INFO: [VRFC 10-311] analyzing module design_1_blk_mem_gen_0_2_blk_mem_gen_top
INFO: [VRFC 10-311] analyzing module design_1_blk_mem_gen_0_2_blk_mem_gen_v8_3_6
INFO: [VRFC 10-311] analyzing module design_1_blk_mem_gen_0_2_blk_mem_gen_v8_3_6_synth
INFO: [VRFC 10-311] analyzing module design_1_blk_mem_gen_1_0_blk_mem_gen_generic_cstr
INFO: [VRFC 10-311] analyzing module design_1_blk_mem_gen_1_0_blk_mem_gen_mux__parameterized0
INFO: [VRFC 10-311] analyzing module design_1_blk_mem_gen_1_0_blk_mem_gen_prim_width
INFO: [VRFC 10-311] analyzing module design_1_blk_mem_gen_1_0_blk_mem_gen_prim_width__parameterized0
INFO: [VRFC 10-311] analyzing module design_1_blk_mem_gen_1_0_blk_mem_gen_prim_width__parameterized1
INFO: [VRFC 10-311] analyzing module design_1_blk_mem_gen_1_0_blk_mem_gen_prim_width__parameterized2
INFO: [VRFC 10-311] analyzing module design_1_blk_mem_gen_1_0_blk_mem_gen_prim_width__parameterized3
INFO: [VRFC 10-311] analyzing module design_1_blk_mem_gen_1_0_blk_mem_gen_prim_width__parameterized4
INFO: [VRFC 10-311] analyzing module design_1_blk_mem_gen_1_0_blk_mem_gen_prim_width__parameterized5
INFO: [VRFC 10-311] analyzing module design_1_blk_mem_gen_1_0_blk_mem_gen_prim_width__parameterized6
INFO: [VRFC 10-311] analyzing module design_1_blk_mem_gen_1_0_blk_mem_gen_prim_wrapper_init
INFO: [VRFC 10-311] analyzing module design_1_blk_mem_gen_1_0_blk_mem_gen_prim_wrapper_init__parameterized0
INFO: [VRFC 10-311] analyzing module design_1_blk_mem_gen_1_0_blk_mem_gen_prim_wrapper_init__parameterized1
INFO: [VRFC 10-311] analyzing module design_1_blk_mem_gen_1_0_blk_mem_gen_prim_wrapper_init__parameterized2
INFO: [VRFC 10-311] analyzing module design_1_blk_mem_gen_1_0_blk_mem_gen_prim_wrapper_init__parameterized3
INFO: [VRFC 10-311] analyzing module design_1_blk_mem_gen_1_0_blk_mem_gen_prim_wrapper_init__parameterized4
INFO: [VRFC 10-311] analyzing module design_1_blk_mem_gen_1_0_blk_mem_gen_prim_wrapper_init__parameterized5
INFO: [VRFC 10-311] analyzing module design_1_blk_mem_gen_1_0_blk_mem_gen_prim_wrapper_init__parameterized6
INFO: [VRFC 10-311] analyzing module design_1_blk_mem_gen_1_0_blk_mem_gen_top
INFO: [VRFC 10-311] analyzing module design_1_blk_mem_gen_1_0_blk_mem_gen_v8_3_6
INFO: [VRFC 10-311] analyzing module design_1_blk_mem_gen_1_0_blk_mem_gen_v8_3_6_synth
INFO: [VRFC 10-311] analyzing module glbl
