INFO: [VRFC 10-163] Analyzing VHDL file "C:/Users/ihicajo/Documents/Xilinx/SingleCycleMIPS-AXI/SingleCycleMIPS-AXI.sim/sim_1/synth/func/design_1_wrapper_func_synth.vhd" into library xil_defaultlib
INFO: [VRFC 10-307] analyzing entity design_1_SingleCycleMIPS_axi_v1_0_0_0_ALU
INFO: [VRFC 10-307] analyzing entity design_1_SingleCycleMIPS_axi_v1_0_0_0_Adder
INFO: [VRFC 10-307] analyzing entity design_1_SingleCycleMIPS_axi_v1_0_0_0_InstructionMemory
INFO: [VRFC 10-307] analyzing entity design_1_SingleCycleMIPS_axi_v1_0_0_0_Memory
INFO: [VRFC 10-307] analyzing entity design_1_SingleCycleMIPS_axi_v1_0_0_0_PC
INFO: [VRFC 10-307] analyzing entity design_1_SingleCycleMIPS_axi_v1_0_0_0_SingleCycleMIPS_v1_0_Control
INFO: [VRFC 10-307] analyzing entity design_1_SingleCycleMIPS_axi_v1_0_0_0_SingleCycleMIPS_v1_0_Instruction
INFO: [VRFC 10-307] analyzing entity design_1_SingleCycleMIPS_axi_v1_0_0_0_SingleCycleMIPS_v1_0_Memory
INFO: [VRFC 10-307] analyzing entity design_1_SingleCycleMIPS_axi_v1_0_0_0_vhdl_Register
INFO: [VRFC 10-307] analyzing entity \design_1_auto_pc_0__axi_protocol_converter_v2_1_12_b2s_incr_cmd\
INFO: [VRFC 10-307] analyzing entity \design_1_auto_pc_0__axi_protocol_converter_v2_1_12_b2s_incr_cmd_2\
INFO: [VRFC 10-307] analyzing entity \design_1_auto_pc_0__axi_protocol_converter_v2_1_12_b2s_rd_cmd_fsm\
INFO: [VRFC 10-307] analyzing entity \design_1_auto_pc_0__axi_protocol_converter_v2_1_12_b2s_simple_fifo\
INFO: [VRFC 10-307] analyzing entity \design_1_auto_pc_0__axi_protocol_converter_v2_1_12_b2s_simple_fifo__parameterized0\
INFO: [VRFC 10-307] analyzing entity \design_1_auto_pc_0__axi_protocol_converter_v2_1_12_b2s_simple_fifo__parameterized1\
INFO: [VRFC 10-307] analyzing entity \design_1_auto_pc_0__axi_protocol_converter_v2_1_12_b2s_simple_fifo__parameterized2\
INFO: [VRFC 10-307] analyzing entity \design_1_auto_pc_0__axi_protocol_converter_v2_1_12_b2s_wr_cmd_fsm\
INFO: [VRFC 10-307] analyzing entity \design_1_auto_pc_0__axi_protocol_converter_v2_1_12_b2s_wrap_cmd\
INFO: [VRFC 10-307] analyzing entity \design_1_auto_pc_0__axi_protocol_converter_v2_1_12_b2s_wrap_cmd_3\
INFO: [VRFC 10-307] analyzing entity \design_1_auto_pc_0__axi_register_slice_v2_1_12_axic_register_slice\
INFO: [VRFC 10-307] analyzing entity \design_1_auto_pc_0__axi_register_slice_v2_1_12_axic_register_slice_0\
INFO: [VRFC 10-307] analyzing entity \design_1_auto_pc_0__axi_register_slice_v2_1_12_axic_register_slice__parameterized1\
INFO: [VRFC 10-307] analyzing entity \design_1_auto_pc_0__axi_register_slice_v2_1_12_axic_register_slice__parameterized2\
INFO: [VRFC 10-307] analyzing entity design_1_clk_wiz_0_0_design_1_clk_wiz_0_0_clk_wiz
INFO: [VRFC 10-307] analyzing entity design_1_proc_sys_reset_0_0_cdc_sync
INFO: [VRFC 10-307] analyzing entity design_1_proc_sys_reset_0_0_cdc_sync_0
INFO: [VRFC 10-307] analyzing entity design_1_proc_sys_reset_0_0_upcnt_n
INFO: [VRFC 10-307] analyzing entity design_1_processing_system7_0_0_processing_system7_v5_5_processing_system7
INFO: [VRFC 10-307] analyzing entity \design_1_rst_ps7_0_100M_0__cdc_sync\
INFO: [VRFC 10-307] analyzing entity \design_1_rst_ps7_0_100M_0__cdc_sync_0\
INFO: [VRFC 10-307] analyzing entity \design_1_rst_ps7_0_100M_0__upcnt_n\
INFO: [VRFC 10-307] analyzing entity design_1_xbar_0_axi_crossbar_v2_1_13_addr_arbiter_sasd
INFO: [VRFC 10-307] analyzing entity design_1_xbar_0_axi_crossbar_v2_1_13_decerr_slave
INFO: [VRFC 10-307] analyzing entity design_1_xbar_0_axi_crossbar_v2_1_13_splitter
INFO: [VRFC 10-307] analyzing entity \design_1_xbar_0_axi_crossbar_v2_1_13_splitter__parameterized0\
INFO: [VRFC 10-307] analyzing entity design_1_xbar_0_axi_register_slice_v2_1_12_axic_register_slice
INFO: [VRFC 10-307] analyzing entity design_1_SingleCycleMIPS_axi_v1_0_0_0_SingleCycleMIPS
INFO: [VRFC 10-307] analyzing entity \design_1_auto_pc_0__axi_protocol_converter_v2_1_12_b2s_b_channel\
INFO: [VRFC 10-307] analyzing entity \design_1_auto_pc_0__axi_protocol_converter_v2_1_12_b2s_cmd_translator\
INFO: [VRFC 10-307] analyzing entity \design_1_auto_pc_0__axi_protocol_converter_v2_1_12_b2s_cmd_translator_1\
INFO: [VRFC 10-307] analyzing entity \design_1_auto_pc_0__axi_protocol_converter_v2_1_12_b2s_r_channel\
INFO: [VRFC 10-307] analyzing entity \design_1_auto_pc_0__axi_register_slice_v2_1_12_axi_register_slice\
INFO: [VRFC 10-307] analyzing entity design_1_clk_wiz_0_0
INFO: [VRFC 10-307] analyzing entity design_1_proc_sys_reset_0_0_lpf
INFO: [VRFC 10-307] analyzing entity design_1_proc_sys_reset_0_0_sequence_psr
INFO: [VRFC 10-307] analyzing entity design_1_processing_system7_0_0
INFO: [VRFC 10-307] analyzing entity \design_1_rst_ps7_0_100M_0__lpf\
INFO: [VRFC 10-307] analyzing entity \design_1_rst_ps7_0_100M_0__sequence_psr\
INFO: [VRFC 10-307] analyzing entity design_1_xbar_0_axi_crossbar_v2_1_13_crossbar_sasd
INFO: [VRFC 10-307] analyzing entity design_1_SingleCycleMIPS_axi_v1_0_0_0_SingleCycleMIPS_export
INFO: [VRFC 10-307] analyzing entity \design_1_auto_pc_0__axi_protocol_converter_v2_1_12_b2s_ar_channel\
INFO: [VRFC 10-307] analyzing entity \design_1_auto_pc_0__axi_protocol_converter_v2_1_12_b2s_aw_channel\
INFO: [VRFC 10-307] analyzing entity design_1_proc_sys_reset_0_0_proc_sys_reset
INFO: [VRFC 10-307] analyzing entity \design_1_rst_ps7_0_100M_0__proc_sys_reset\
INFO: [VRFC 10-307] analyzing entity design_1_xbar_0_axi_crossbar_v2_1_13_axi_crossbar
INFO: [VRFC 10-307] analyzing entity design_1_SingleCycleMIPS_axi_v1_0_0_0_SingleCycleMIPS_v1_0
INFO: [VRFC 10-307] analyzing entity \design_1_auto_pc_0__axi_protocol_converter_v2_1_12_b2s\
INFO: [VRFC 10-307] analyzing entity design_1_proc_sys_reset_0_0
INFO: [VRFC 10-307] analyzing entity design_1_rst_ps7_0_100M_0
INFO: [VRFC 10-307] analyzing entity design_1_xbar_0
INFO: [VRFC 10-307] analyzing entity design_1_SingleCycleMIPS_axi_v1_0_0_0
INFO: [VRFC 10-307] analyzing entity \design_1_auto_pc_0__axi_protocol_converter_v2_1_12_axi_protocol_converter\
INFO: [VRFC 10-307] analyzing entity design_1_auto_pc_0
INFO: [VRFC 10-307] analyzing entity s00_couplers_imp_UYSKKA
INFO: [VRFC 10-307] analyzing entity design_1_ps7_0_axi_periph_0
INFO: [VRFC 10-307] analyzing entity design_1
INFO: [VRFC 10-307] analyzing entity design_1_wrapper
