Vivado Simulator 2017.1
Copyright 1986-1999, 2001-2016 Xilinx, Inc. All Rights Reserved.
Running: C:/Xilinx/Vivado/2017.1/bin/unwrapped/win64.o/xelab.exe -wto 01f6d19fd3ff4415979556a661325922 --debug typical --relax --mt 2 -L xil_defaultlib -L secureip --snapshot design_1_wrapper_func_synth xil_defaultlib.design_1_wrapper -log elaborate.log 
Using 2 slave threads.
Starting static elaboration
Completed static elaboration
Starting simulation data flow analysis
Completed simulation data flow analysis
Time Resolution for simulation is 1ps
Compiling package std.standard
Compiling package std.textio
Compiling package ieee.std_logic_1164
Compiling package unisim.vcomponents
Compiling package ieee.vital_timing
Compiling package ieee.vital_primitives
Compiling package unisim.vpkg
Compiling package ieee.std_logic_arith
Compiling package ieee.std_logic_signed
Compiling package ieee.numeric_std
Compiling architecture lut1_v of entity unisim.LUT1 [\LUT1(init="0001")(0,3)\]
Compiling architecture lut2_v of entity unisim.LUT2 [\LUT2(init="0010")(0,3)\]
Compiling architecture gnd_v of entity unisim.GND [gnd_default]
Compiling architecture lut2_v of entity unisim.LUT2 [\LUT2(init="0110")(0,3)\]
Compiling architecture carry4_v of entity unisim.CARRY4 [carry4_default]
Compiling architecture ldce_v of entity unisim.LDCE [ldce_default]
Compiling architecture lut1_v of entity unisim.LUT1 [\LUT1(init="0010")(0,3)\]
Compiling architecture lut4_v of entity unisim.LUT4 [\LUT4(init="1110001000000000")(0...]
Compiling architecture dsp48e1_v of entity unisim.DSP48E1 [\DSP48E1(acascreg=0,alumodereg=0...]
Compiling architecture structure of entity xil_defaultlib.design_1_SingleCycleMIPS_axi_v1_0_0_0_ALU [design_1_singlecyclemips_axi_v1_...]
Compiling architecture structure of entity xil_defaultlib.design_1_SingleCycleMIPS_axi_v1_0_0_0_Adder [design_1_singlecyclemips_axi_v1_...]
Compiling architecture ldce_v of entity unisim.LDCE [\LDCE(is_g_inverted='1')\]
Compiling architecture lut2_v of entity unisim.LUT2 [\LUT2(init="1011")(0,3)\]
Compiling architecture fdre_v of entity unisim.FDRE [fdre_default]
Compiling architecture structure of entity xil_defaultlib.design_1_SingleCycleMIPS_axi_v1_0_0_0_InstructionMemory [design_1_singlecyclemips_axi_v1_...]
Compiling architecture lut2_v of entity unisim.LUT2 [\LUT2(init="1000")(0,3)\]
Compiling architecture lut6_v of entity unisim.LUT6 [\LUT6(init="11100100111001001110...]
Compiling architecture fdce_v of entity unisim.FDCE [\FDCE(is_c_inverted='1')\]
Compiling architecture structure of entity xil_defaultlib.design_1_SingleCycleMIPS_axi_v1_0_0_0_Memory [design_1_singlecyclemips_axi_v1_...]
Compiling architecture lut3_v of entity unisim.LUT3 [\LUT3(init="00010010")(0,7)\]
Compiling architecture lut4_v of entity unisim.LUT4 [\LUT4(init="0000000000000010")(0...]
Compiling architecture lut3_v of entity unisim.LUT3 [\LUT3(init="00000010")(0,7)\]
Compiling architecture lut5_v of entity unisim.LUT5 [\LUT5(init="00000000111111010000...]
Compiling architecture lut4_v of entity unisim.LUT4 [\LUT4(init="0000110100000010")(0...]
Compiling architecture lut2_v of entity unisim.LUT2 [\LUT2(init="0100")(0,3)\]
Compiling architecture lut3_v of entity unisim.LUT3 [\LUT3(init="00010100")(0,7)\]
Compiling architecture lut4_v of entity unisim.LUT4 [\LUT4(init="0011001000010000")(0...]
Compiling architecture lut5_v of entity unisim.LUT5 [\LUT5(init="00100000001000000011...]
Compiling architecture lut6_v of entity unisim.LUT6 [\LUT6(init="00110011001100110010...]
Compiling architecture lut4_v of entity unisim.LUT4 [\LUT4(init="0011001000000010")(0...]
Compiling architecture lut5_v of entity unisim.LUT5 [\LUT5(init="00001111000000100000...]
Compiling architecture lut6_v of entity unisim.LUT6 [\LUT6(init="00000000111111110000...]
Compiling architecture lut4_v of entity unisim.LUT4 [\LUT4(init="0010001100100000")(0...]
Compiling architecture lut4_v of entity unisim.LUT4 [\LUT4(init="0101010000000100")(0...]
Compiling architecture lut6_v of entity unisim.LUT6 [\LUT6(init="00100010001000100010...]
Compiling architecture lut6_v of entity unisim.LUT6 [\LUT6(init="00000000000000000000...]
Compiling architecture lut5_v of entity unisim.LUT5 [\LUT5(init="00000000000000000000...]
Compiling architecture lut5_v of entity unisim.LUT5 [\LUT5(init="00100000001100110010...]
Compiling architecture lut6_v of entity unisim.LUT6 [\LUT6(init="00110001001000000011...]
Compiling architecture lut6_v of entity unisim.LUT6 [\LUT6(init="00000000000000000000...]
Compiling architecture lut6_v of entity unisim.LUT6 [\LUT6(init="00110000001100000011...]
Compiling architecture lut5_v of entity unisim.LUT5 [\LUT5(init="00000000111111100000...]
Compiling architecture lut6_v of entity unisim.LUT6 [\LUT6(init="11111111110011001111...]
Compiling architecture lut6_v of entity unisim.LUT6 [\LUT6(init="11111111111111111111...]
Compiling architecture lut5_v of entity unisim.LUT5 [\LUT5(init="11111111111111111111...]
Compiling architecture lut4_v of entity unisim.LUT4 [\LUT4(init="1100110100000000")(0...]
Compiling architecture lut4_v of entity unisim.LUT4 [\LUT4(init="1111111111111110")(0...]
Compiling architecture lut5_v of entity unisim.LUT5 [\LUT5(init="00000000000000000001...]
Compiling architecture lut5_v of entity unisim.LUT5 [\LUT5(init="00000000000000010000...]
Compiling architecture lut4_v of entity unisim.LUT4 [\LUT4(init="0001000000000000")(0...]
Compiling architecture lut5_v of entity unisim.LUT5 [\LUT5(init="11100100111111111110...]
Compiling architecture lut5_v of entity unisim.LUT5 [\LUT5(init="00000010000000100000...]
Compiling architecture lut5_v of entity unisim.LUT5 [\LUT5(init="11101110111011110000...]
Compiling architecture lut4_v of entity unisim.LUT4 [\LUT4(init="1111001000000010")(0...]
Compiling architecture lut4_v of entity unisim.LUT4 [\LUT4(init="1011101110111000")(0...]
Compiling architecture lut4_v of entity unisim.LUT4 [\LUT4(init="1011100001110111")(0...]
Compiling architecture lut6_v of entity unisim.LUT6 [\LUT6(init="00000000000000000000...]
Compiling architecture lut5_v of entity unisim.LUT5 [\LUT5(init="00000000000000000000...]
Compiling architecture lut6_v of entity unisim.LUT6 [\LUT6(init="00110010000000100011...]
Compiling architecture fdce_v of entity unisim.FDCE [fdce_default]
Compiling architecture lut6_v of entity unisim.LUT6 [\LUT6(init="10101111101000001100...]
Compiling architecture lut3_v of entity unisim.LUT3 [\LUT3(init="10010110")(0,7)\]
Compiling architecture lut5_v of entity unisim.LUT5 [\LUT5(init="10011010100101010110...]
Compiling architecture lut6_v of entity unisim.LUT6 [\LUT6(init="11110000111111111010...]
Compiling architecture lut4_v of entity unisim.LUT4 [\LUT4(init="1110101100101000")(0...]
Compiling architecture lut3_v of entity unisim.LUT3 [\LUT3(init="10111000")(0,7)\]
Compiling architecture lut5_v of entity unisim.LUT5 [\LUT5(init="10011001100101100110...]
Compiling architecture lut3_v of entity unisim.LUT3 [\LUT3(init="00011101")(0,7)\]
Compiling architecture lut2_v of entity unisim.LUT2 [\LUT2(init="1001")(0,3)\]
Compiling architecture lut6_v of entity unisim.LUT6 [\LUT6(init="00100010001000100000...]
Compiling architecture lut5_v of entity unisim.LUT5 [\LUT5(init="00010100010001000000...]
Compiling architecture lut6_v of entity unisim.LUT6 [\LUT6(init="00100011001000100011...]
Compiling architecture lut6_v of entity unisim.LUT6 [\LUT6(init="00000000000000100000...]
Compiling architecture lut3_v of entity unisim.LUT3 [\LUT3(init="10011010")(0,7)\]
Compiling architecture lut3_v of entity unisim.LUT3 [\LUT3(init="00000100")(0,7)\]
Compiling architecture lut6_v of entity unisim.LUT6 [\LUT6(init="11111111110011001111...]
Compiling architecture lut6_v of entity unisim.LUT6 [\LUT6(init="11111111110011001111...]
Compiling architecture lut6_v of entity unisim.LUT6 [\LUT6(init="11111111111111111100...]
Compiling architecture lut6_v of entity unisim.LUT6 [\LUT6(init="10111000101110001011...]
Compiling architecture lut5_v of entity unisim.LUT5 [\LUT5(init="00000010000011110000...]
Compiling architecture lut6_v of entity unisim.LUT6 [\LUT6(init="00000000000000000000...]
Compiling architecture lut3_v of entity unisim.LUT3 [\LUT3(init="10111010")(0,7)\]
Compiling architecture lut6_v of entity unisim.LUT6 [\LUT6(init="00000000000000000000...]
Compiling architecture lut5_v of entity unisim.LUT5 [\LUT5(init="11001001100110011001...]
Compiling architecture lut4_v of entity unisim.LUT4 [\LUT4(init="0100010000001100")(0...]
Compiling architecture lut6_v of entity unisim.LUT6 [\LUT6(init="10110100111000011011...]
Compiling architecture lut4_v of entity unisim.LUT4 [\LUT4(init="1011010011100001")(0...]
Compiling architecture lut6_v of entity unisim.LUT6 [\LUT6(init="11101010111111100001...]
Compiling architecture lut4_v of entity unisim.LUT4 [\LUT4(init="0000010000100010")(0...]
Compiling architecture lut4_v of entity unisim.LUT4 [\LUT4(init="0000001001010000")(0...]
Compiling architecture lut5_v of entity unisim.LUT5 [\LUT5(init="01011001101101111101...]
Compiling architecture lut6_v of entity unisim.LUT6 [\LUT6(init="01110010010101110000...]
Compiling architecture lut6_v of entity unisim.LUT6 [\LUT6(init="00001101001010000111...]
Compiling architecture lut5_v of entity unisim.LUT5 [\LUT5(init="10110011010011000111...]
Compiling architecture lut4_v of entity unisim.LUT4 [\LUT4(init="0000011101111111")(0...]
Compiling architecture lut6_v of entity unisim.LUT6 [\LUT6(init="00000000000001110111...]
Compiling architecture lut5_v of entity unisim.LUT5 [\LUT5(init="00000011001010110010...]
Compiling architecture lut5_v of entity unisim.LUT5 [\LUT5(init="00010111011101110001...]
Compiling architecture lut2_v of entity unisim.LUT2 [\LUT2(init="1110")(0,3)\]
Compiling architecture lut2_v of entity unisim.LUT2 [\LUT2(init="0001")(0,3)\]
Compiling architecture lut6_v of entity unisim.LUT6 [\LUT6(init="00010001000101110111...]
Compiling architecture lut6_v of entity unisim.LUT6 [\LUT6(init="11101111111010101110...]
Compiling architecture lut4_v of entity unisim.LUT4 [\LUT4(init="0000000000011101")(0...]
Compiling architecture lut6_v of entity unisim.LUT6 [\LUT6(init="01000100010101010100...]
Compiling architecture lut6_v of entity unisim.LUT6 [\LUT6(init="11111111111111111110...]
Compiling architecture lut5_v of entity unisim.LUT5 [\LUT5(init="00011101111111110000...]
Compiling architecture lut6_v of entity unisim.LUT6 [\LUT6(init="11111011101110100000...]
Compiling architecture lut6_v of entity unisim.LUT6 [\LUT6(init="10101010101010101010...]
Compiling architecture lut4_v of entity unisim.LUT4 [\LUT4(init="1110111011100000")(0...]
Compiling architecture lut4_v of entity unisim.LUT4 [\LUT4(init="0000001001000010")(0...]
Compiling architecture lut6_v of entity unisim.LUT6 [\LUT6(init="10101010101010100101...]
Compiling architecture lut5_v of entity unisim.LUT5 [\LUT5(init="00000000011100010111...]
Compiling architecture lut5_v of entity unisim.LUT5 [\LUT5(init="00101011001000100010...]
Compiling architecture lut6_v of entity unisim.LUT6 [\LUT6(init="00010001000111110001...]
Compiling architecture lut5_v of entity unisim.LUT5 [\LUT5(init="10101010101010101000...]
Compiling architecture lut6_v of entity unisim.LUT6 [\LUT6(init="11111111111010100000...]
Compiling architecture lut5_v of entity unisim.LUT5 [\LUT5(init="00000000000000001110...]
Compiling architecture lut6_v of entity unisim.LUT6 [\LUT6(init="11111111100011100000...]
Compiling architecture lut6_v of entity unisim.LUT6 [\LUT6(init="11100001101101001110...]
Compiling architecture lut4_v of entity unisim.LUT4 [\LUT4(init="1110000110110100")(0...]
Compiling architecture lut6_v of entity unisim.LUT6 [\LUT6(init="11111111000011011111...]
Compiling architecture lut6_v of entity unisim.LUT6 [\LUT6(init="00010000000000000001...]
Compiling architecture lut3_v of entity unisim.LUT3 [\LUT3(init="11110001")(0,7)\]
Compiling architecture lut6_v of entity unisim.LUT6 [\LUT6(init="11111111111101001111...]
Compiling architecture lut3_v of entity unisim.LUT3 [\LUT3(init="11100000")(0,7)\]
Compiling architecture lut6_v of entity unisim.LUT6 [\LUT6(init="00000000000000000000...]
Compiling architecture lut4_v of entity unisim.LUT4 [\LUT4(init="0001011101110111")(0...]
Compiling architecture lut4_v of entity unisim.LUT4 [\LUT4(init="1111100010000000")(0...]
Compiling architecture lut4_v of entity unisim.LUT4 [\LUT4(init="0001000100011111")(0...]
Compiling architecture lut4_v of entity unisim.LUT4 [\LUT4(init="0000011101110111")(0...]
Compiling architecture lut6_v of entity unisim.LUT6 [\LUT6(init="11101110111000001110...]
Compiling architecture lut6_v of entity unisim.LUT6 [\LUT6(init="11111110111010100000...]
Compiling architecture lut5_v of entity unisim.LUT5 [\LUT5(init="11110001111100001111...]
Compiling architecture lut6_v of entity unisim.LUT6 [\LUT6(init="11111111111010000000...]
Compiling architecture lut6_v of entity unisim.LUT6 [\LUT6(init="11111110101010100000...]
Compiling architecture lut6_v of entity unisim.LUT6 [\LUT6(init="00000000000011110000...]
Compiling architecture lut6_v of entity unisim.LUT6 [\LUT6(init="11101110111000000000...]
Compiling architecture lut5_v of entity unisim.LUT5 [\LUT5(init="11111111111111110001...]
Compiling architecture lut6_v of entity unisim.LUT6 [\LUT6(init="00000000000000000111...]
Compiling architecture lut4_v of entity unisim.LUT4 [\LUT4(init="1111111111100010")(0...]
Compiling architecture lut6_v of entity unisim.LUT6 [\LUT6(init="10111010101110110100...]
Compiling architecture lut6_v of entity unisim.LUT6 [\LUT6(init="00000000000000000000...]
Compiling architecture lut6_v of entity unisim.LUT6 [\LUT6(init="11111111101011100000...]
Compiling architecture lut6_v of entity unisim.LUT6 [\LUT6(init="11111111111100001111...]
Compiling architecture lut6_v of entity unisim.LUT6 [\LUT6(init="10001010100010001000...]
Compiling architecture lut5_v of entity unisim.LUT5 [\LUT5(init="11111111111010001110...]
Compiling architecture lut4_v of entity unisim.LUT4 [\LUT4(init="0001110111111111")(0...]
Compiling architecture lut6_v of entity unisim.LUT6 [\LUT6(init="01010101010101010101...]
Compiling architecture lut6_v of entity unisim.LUT6 [\LUT6(init="00010000000101010001...]
Compiling architecture lut6_v of entity unisim.LUT6 [\LUT6(init="00000000101010000000...]
Compiling architecture lut6_v of entity unisim.LUT6 [\LUT6(init="11111111110100001111...]
Compiling architecture lut6_v of entity unisim.LUT6 [\LUT6(init="11111111111111111111...]
Compiling architecture lut6_v of entity unisim.LUT6 [\LUT6(init="00011111111111111111...]
Compiling architecture lut6_v of entity unisim.LUT6 [\LUT6(init="00000111011101110000...]
Compiling architecture lut6_v of entity unisim.LUT6 [\LUT6(init="11111111111111111111...]
Compiling architecture lut5_v of entity unisim.LUT5 [\LUT5(init="00000000000111010001...]
Compiling architecture lut5_v of entity unisim.LUT5 [\LUT5(init="11111111111010001110...]
Compiling architecture lut3_v of entity unisim.LUT3 [\LUT3(init="00011111")(0,7)\]
Compiling architecture lut6_v of entity unisim.LUT6 [\LUT6(init="11111111111000001111...]
Compiling architecture lut6_v of entity unisim.LUT6 [\LUT6(init="11111111111111111111...]
Compiling architecture lut4_v of entity unisim.LUT4 [\LUT4(init="1110100010001000")(0...]
Compiling architecture lut6_v of entity unisim.LUT6 [\LUT6(init="11111111101110100000...]
Compiling architecture lut5_v of entity unisim.LUT5 [\LUT5(init="11101110111010101010...]
Compiling architecture lut6_v of entity unisim.LUT6 [\LUT6(init="11111111111111111010...]
Compiling architecture lut6_v of entity unisim.LUT6 [\LUT6(init="10111011101110111011...]
Compiling architecture lut5_v of entity unisim.LUT5 [\LUT5(init="11101110111010001110...]
Compiling architecture lut5_v of entity unisim.LUT5 [\LUT5(init="00010000000101011111...]
Compiling architecture lut6_v of entity unisim.LUT6 [\LUT6(init="10101010101010101111...]
Compiling architecture lut6_v of entity unisim.LUT6 [\LUT6(init="11101110111011101110...]
Compiling architecture lut6_v of entity unisim.LUT6 [\LUT6(init="11111111111100001111...]
Compiling architecture lut6_v of entity unisim.LUT6 [\LUT6(init="11111111111111111111...]
Compiling architecture lut6_v of entity unisim.LUT6 [\LUT6(init="11111111111111111111...]
Compiling architecture lut3_v of entity unisim.LUT3 [\LUT3(init="10101000")(0,7)\]
Compiling architecture lut6_v of entity unisim.LUT6 [\LUT6(init="11111111101010101111...]
Compiling architecture lut6_v of entity unisim.LUT6 [\LUT6(init="11111111111111111111...]
Compiling architecture lut6_v of entity unisim.LUT6 [\LUT6(init="10011100110010011001...]
Compiling architecture lut4_v of entity unisim.LUT4 [\LUT4(init="1001110011001001")(0...]
Compiling architecture lut4_v of entity unisim.LUT4 [\LUT4(init="0010001100000000")(0...]
Compiling architecture lut6_v of entity unisim.LUT6 [\LUT6(init="00100010000000000010...]
Compiling architecture lut4_v of entity unisim.LUT4 [\LUT4(init="0001000000000010")(0...]
Compiling architecture lut6_v of entity unisim.LUT6 [\LUT6(init="11110011111100111111...]
Compiling architecture lut6_v of entity unisim.LUT6 [\LUT6(init="00000000000000000000...]
Compiling architecture lut4_v of entity unisim.LUT4 [\LUT4(init="1100111011011111")(0...]
Compiling architecture lut5_v of entity unisim.LUT5 [\LUT5(init="00010000000100000011...]
Compiling architecture lut6_v of entity unisim.LUT6 [\LUT6(init="11111110110111001111...]
Compiling architecture lut5_v of entity unisim.LUT5 [\LUT5(init="00110010000100000000...]
Compiling architecture lut6_v of entity unisim.LUT6 [\LUT6(init="00000000000000000000...]
Compiling architecture lut5_v of entity unisim.LUT5 [\LUT5(init="11001101111111110000...]
Compiling architecture lut5_v of entity unisim.LUT5 [\LUT5(init="00000000000100000000...]
Compiling architecture lut5_v of entity unisim.LUT5 [\LUT5(init="11111111110011001111...]
Compiling architecture lut5_v of entity unisim.LUT5 [\LUT5(init="11111110000100001110...]
Compiling architecture lut5_v of entity unisim.LUT5 [\LUT5(init="00010101000000000100...]
Compiling architecture lut6_v of entity unisim.LUT6 [\LUT6(init="00000000000000000000...]
Compiling architecture lut6_v of entity unisim.LUT6 [\LUT6(init="00000000000000000111...]
Compiling architecture lut6_v of entity unisim.LUT6 [\LUT6(init="00000000000000000000...]
Compiling architecture lut4_v of entity unisim.LUT4 [\LUT4(init="0000000000000001")(0...]
Compiling architecture lut6_v of entity unisim.LUT6 [\LUT6(init="10011001100110011001...]
Compiling architecture lut5_v of entity unisim.LUT5 [\LUT5(init="11101110000000001110...]
Compiling architecture lut6_v of entity unisim.LUT6 [\LUT6(init="11111111000100011110...]
Compiling architecture lut4_v of entity unisim.LUT4 [\LUT4(init="1111000011100100")(0...]
Compiling architecture lut3_v of entity unisim.LUT3 [\LUT3(init="00100100")(0,7)\]
Compiling architecture lut6_v of entity unisim.LUT6 [\LUT6(init="11111111110111000000...]
Compiling architecture lut5_v of entity unisim.LUT5 [\LUT5(init="00000000001000110000...]
Compiling architecture lut6_v of entity unisim.LUT6 [\LUT6(init="11111110000100001111...]
Compiling architecture lut6_v of entity unisim.LUT6 [\LUT6(init="00100010001100100000...]
Compiling architecture lut5_v of entity unisim.LUT5 [\LUT5(init="11111111111111110000...]
Compiling architecture lut6_v of entity unisim.LUT6 [\LUT6(init="11111111111111111111...]
Compiling architecture lut6_v of entity unisim.LUT6 [\LUT6(init="11111111111111111100...]
Compiling architecture lut5_v of entity unisim.LUT5 [\LUT5(init="10101000101010101010...]
Compiling architecture lut3_v of entity unisim.LUT3 [\LUT3(init="00010111")(0,7)\]
Compiling architecture lut4_v of entity unisim.LUT4 [\LUT4(init="0000011101110000")(0...]
Compiling architecture lut4_v of entity unisim.LUT4 [\LUT4(init="0000000100011111")(0...]
Compiling architecture lut6_v of entity unisim.LUT6 [\LUT6(init="11010000110100001101...]
Compiling architecture lut5_v of entity unisim.LUT5 [\LUT5(init="11111111111011110000...]
Compiling architecture lut5_v of entity unisim.LUT5 [\LUT5(init="00000000001100110000...]
Compiling architecture lut6_v of entity unisim.LUT6 [\LUT6(init="11010000110100001101...]
Compiling architecture lut4_v of entity unisim.LUT4 [\LUT4(init="1111001011010000")(0...]
Compiling architecture lut5_v of entity unisim.LUT5 [\LUT5(init="11110010110100001111...]
Compiling architecture lut4_v of entity unisim.LUT4 [\LUT4(init="0000001000000000")(0...]
Compiling architecture lut4_v of entity unisim.LUT4 [\LUT4(init="0000001000010000")(0...]
Compiling architecture lut6_v of entity unisim.LUT6 [\LUT6(init="00000000000100000000...]
Compiling architecture lut4_v of entity unisim.LUT4 [\LUT4(init="0000000000010000")(0...]
Compiling architecture lut5_v of entity unisim.LUT5 [\LUT5(init="00100010000000000010...]
Compiling architecture lut3_v of entity unisim.LUT3 [\LUT3(init="01000000")(0,7)\]
Compiling architecture lut6_v of entity unisim.LUT6 [\LUT6(init="00000000000000000000...]
Compiling architecture lut3_v of entity unisim.LUT3 [\LUT3(init="00001000")(0,7)\]
Compiling architecture lut6_v of entity unisim.LUT6 [\LUT6(init="11110000111100000000...]
Compiling architecture lut6_v of entity unisim.LUT6 [\LUT6(init="11110000111100000000...]
Compiling architecture lut4_v of entity unisim.LUT4 [\LUT4(init="1110010000000000")(0...]
Compiling architecture lut5_v of entity unisim.LUT5 [\LUT5(init="00000000000000000001...]
Compiling architecture lut4_v of entity unisim.LUT4 [\LUT4(init="0000000011100100")(0...]
Compiling architecture lut5_v of entity unisim.LUT5 [\LUT5(init="11111111111001000000...]
Compiling architecture lut6_v of entity unisim.LUT6 [\LUT6(init="00000001000000010000...]
Compiling architecture lut5_v of entity unisim.LUT5 [\LUT5(init="00000001111111110000...]
Compiling architecture lut6_v of entity unisim.LUT6 [\LUT6(init="11111111111111111111...]
Compiling architecture lut5_v of entity unisim.LUT5 [\LUT5(init="00110011001000110001...]
Compiling architecture lut4_v of entity unisim.LUT4 [\LUT4(init="1111111100000010")(0...]
Compiling architecture lut5_v of entity unisim.LUT5 [\LUT5(init="00000000000000000000...]
Compiling architecture lut4_v of entity unisim.LUT4 [\LUT4(init="0000000111111111")(0...]
Compiling architecture lut6_v of entity unisim.LUT6 [\LUT6(init="00000000000000000000...]
Compiling architecture lut6_v of entity unisim.LUT6 [\LUT6(init="00000000001000000000...]
Compiling architecture lut6_v of entity unisim.LUT6 [\LUT6(init="00000000000000000000...]
Compiling architecture lut6_v of entity unisim.LUT6 [\LUT6(init="00000010000000000000...]
Compiling architecture lut6_v of entity unisim.LUT6 [\LUT6(init="00000000000000000000...]
Compiling architecture lut6_v of entity unisim.LUT6 [\LUT6(init="00100000000000000000...]
Compiling architecture lut6_v of entity unisim.LUT6 [\LUT6(init="00000000000000000000...]
Compiling architecture lut6_v of entity unisim.LUT6 [\LUT6(init="00000000000000000000...]
Compiling architecture lut6_v of entity unisim.LUT6 [\LUT6(init="00000000000000000000...]
Compiling architecture lut6_v of entity unisim.LUT6 [\LUT6(init="00000000010000000000...]
Compiling architecture lut5_v of entity unisim.LUT5 [\LUT5(init="10111000101110111011...]
Compiling architecture lut6_v of entity unisim.LUT6 [\LUT6(init="10111000111111111011...]
Compiling architecture lut6_v of entity unisim.LUT6 [\LUT6(init="11111111111111111111...]
Compiling architecture lut6_v of entity unisim.LUT6 [\LUT6(init="11111100111111001111...]
Compiling architecture lut6_v of entity unisim.LUT6 [\LUT6(init="00000000000000000000...]
Compiling architecture lut4_v of entity unisim.LUT4 [\LUT4(init="0010111100000010")(0...]
Compiling architecture lut4_v of entity unisim.LUT4 [\LUT4(init="0010001010110010")(0...]
Compiling architecture lut4_v of entity unisim.LUT4 [\LUT4(init="1001000000001001")(0...]
Compiling architecture muxf7_v of entity unisim.MUXF7 [muxf7_default]
Compiling architecture lut5_v of entity unisim.LUT5 [\LUT5(init="00001111010001000000...]
Compiling architecture lut6_v of entity unisim.LUT6 [\LUT6(init="10111011101110111011...]
Compiling architecture lut6_v of entity unisim.LUT6 [\LUT6(init="00000000000010100000...]
Compiling architecture lut6_v of entity unisim.LUT6 [\LUT6(init="11111110111111101111...]
Compiling architecture lut6_v of entity unisim.LUT6 [\LUT6(init="11111111111000100000...]
Compiling architecture lut5_v of entity unisim.LUT5 [\LUT5(init="11101010111011101110...]
Compiling architecture lut6_v of entity unisim.LUT6 [\LUT6(init="10111010101110111011...]
Compiling architecture lut6_v of entity unisim.LUT6 [\LUT6(init="10101000000010001111...]
Compiling architecture lut6_v of entity unisim.LUT6 [\LUT6(init="00001000100000000000...]
Compiling architecture lut5_v of entity unisim.LUT5 [\LUT5(init="11111111000000001011...]
Compiling architecture lut5_v of entity unisim.LUT5 [\LUT5(init="00110000101110110011...]
Compiling architecture lut5_v of entity unisim.LUT5 [\LUT5(init="00000000000000000000...]
Compiling architecture lut6_v of entity unisim.LUT6 [\LUT6(init="00000000000000000000...]
Compiling architecture lut6_v of entity unisim.LUT6 [\LUT6(init="11111111111111111111...]
Compiling architecture lut6_v of entity unisim.LUT6 [\LUT6(init="11110100111111110100...]
Compiling architecture lut4_v of entity unisim.LUT4 [\LUT4(init="0000000101010001")(0...]
Compiling architecture lut6_v of entity unisim.LUT6 [\LUT6(init="11111111111111110100...]
Compiling architecture lut5_v of entity unisim.LUT5 [\LUT5(init="00101010001000100010...]
Compiling architecture lut6_v of entity unisim.LUT6 [\LUT6(init="11111111111111111111...]
Compiling architecture lut5_v of entity unisim.LUT5 [\LUT5(init="10111000111111111011...]
Compiling architecture lut6_v of entity unisim.LUT6 [\LUT6(init="00000000000000000000...]
Compiling architecture lut6_v of entity unisim.LUT6 [\LUT6(init="10101010101010101010...]
Compiling architecture lut6_v of entity unisim.LUT6 [\LUT6(init="01000111010001000100...]
Compiling architecture lut6_v of entity unisim.LUT6 [\LUT6(init="11111111111111110000...]
Compiling architecture lut6_v of entity unisim.LUT6 [\LUT6(init="11001101110010001111...]
Compiling architecture lut6_v of entity unisim.LUT6 [\LUT6(init="00000000101110001111...]
Compiling architecture lut6_v of entity unisim.LUT6 [\LUT6(init="00000000000000000000...]
Compiling architecture lut6_v of entity unisim.LUT6 [\LUT6(init="00000010000000100000...]
Compiling architecture lut6_v of entity unisim.LUT6 [\LUT6(init="11110000111100001111...]
Compiling architecture lut6_v of entity unisim.LUT6 [\LUT6(init="00000001000000010000...]
Compiling architecture lut6_v of entity unisim.LUT6 [\LUT6(init="11111011000010001111...]
Compiling architecture lut6_v of entity unisim.LUT6 [\LUT6(init="10111011100010001011...]
Compiling architecture lut5_v of entity unisim.LUT5 [\LUT5(init="11001100110011001100...]
Compiling architecture lut5_v of entity unisim.LUT5 [\LUT5(init="11111111000000001111...]
Compiling architecture lut6_v of entity unisim.LUT6 [\LUT6(init="10101010101010101010...]
Compiling architecture lut6_v of entity unisim.LUT6 [\LUT6(init="11110100111101000100...]
Compiling architecture lut4_v of entity unisim.LUT4 [\LUT4(init="0000000010111000")(0...]
Compiling architecture lut6_v of entity unisim.LUT6 [\LUT6(init="00000000000000000000...]
Compiling architecture lut6_v of entity unisim.LUT6 [\LUT6(init="00000000000000000000...]
Compiling architecture lut6_v of entity unisim.LUT6 [\LUT6(init="10101010101010101111...]
Compiling architecture lut6_v of entity unisim.LUT6 [\LUT6(init="10101010100010001010...]
Compiling architecture lut6_v of entity unisim.LUT6 [\LUT6(init="10001100100011001000...]
Compiling architecture lut6_v of entity unisim.LUT6 [\LUT6(init="10101000100010001010...]
Compiling architecture lut6_v of entity unisim.LUT6 [\LUT6(init="11110100111101001111...]
Compiling architecture lut6_v of entity unisim.LUT6 [\LUT6(init="00000000000000000000...]
Compiling architecture lut4_v of entity unisim.LUT4 [\LUT4(init="1111111011111111")(0...]
Compiling architecture lut6_v of entity unisim.LUT6 [\LUT6(init="10111011101110101010...]
Compiling architecture lut6_v of entity unisim.LUT6 [\LUT6(init="01011111010100001100...]
Compiling architecture lut6_v of entity unisim.LUT6 [\LUT6(init="01010000010111111100...]
Compiling architecture lut6_v of entity unisim.LUT6 [\LUT6(init="00001111000011110000...]
Compiling architecture lut6_v of entity unisim.LUT6 [\LUT6(init="11111111111111111111...]
Compiling architecture lut4_v of entity unisim.LUT4 [\LUT4(init="0010000010101000")(0...]
Compiling architecture lut4_v of entity unisim.LUT4 [\LUT4(init="1111010011111111")(0...]
Compiling architecture lut6_v of entity unisim.LUT6 [\LUT6(init="11101110111011101110...]
Compiling architecture lut5_v of entity unisim.LUT5 [\LUT5(init="11001100110011011100...]
Compiling architecture lut6_v of entity unisim.LUT6 [\LUT6(init="00000000000000000000...]
Compiling architecture lut6_v of entity unisim.LUT6 [\LUT6(init="00000000111111110100...]
Compiling architecture lut3_v of entity unisim.LUT3 [\LUT3(init="01000101")(0,7)\]
Compiling architecture lut6_v of entity unisim.LUT6 [\LUT6(init="10101010111010101110...]
Compiling architecture lut6_v of entity unisim.LUT6 [\LUT6(init="11111111000000001111...]
Compiling architecture lut5_v of entity unisim.LUT5 [\LUT5(init="01010101010101000101...]
Compiling architecture lut6_v of entity unisim.LUT6 [\LUT6(init="11111111111111111111...]
Compiling architecture lut6_v of entity unisim.LUT6 [\LUT6(init="01000111111111110000...]
Compiling architecture lut6_v of entity unisim.LUT6 [\LUT6(init="11111111111111110000...]
Compiling architecture lut6_v of entity unisim.LUT6 [\LUT6(init="11110000111100001111...]
Compiling architecture lut6_v of entity unisim.LUT6 [\LUT6(init="00000001000000001111...]
Compiling architecture lut5_v of entity unisim.LUT5 [\LUT5(init="11001100110011001100...]
Compiling architecture lut5_v of entity unisim.LUT5 [\LUT5(init="01110100011101110111...]
Compiling architecture lut5_v of entity unisim.LUT5 [\LUT5(init="11110000101110111111...]
Compiling architecture lut6_v of entity unisim.LUT6 [\LUT6(init="11111111111111110000...]
Compiling architecture lut6_v of entity unisim.LUT6 [\LUT6(init="00000000000000000000...]
Compiling architecture lut3_v of entity unisim.LUT3 [\LUT3(init="11111110")(0,7)\]
Compiling architecture lut6_v of entity unisim.LUT6 [\LUT6(init="01001111010011111111...]
Compiling architecture lut6_v of entity unisim.LUT6 [\LUT6(init="01010101010101010000...]
Compiling architecture lut6_v of entity unisim.LUT6 [\LUT6(init="00110010001101110000...]
Compiling architecture lut5_v of entity unisim.LUT5 [\LUT5(init="11111111111111111111...]
Compiling architecture lut6_v of entity unisim.LUT6 [\LUT6(init="11111111111111111111...]
Compiling architecture lut6_v of entity unisim.LUT6 [\LUT6(init="11110000111100001111...]
Compiling architecture lut6_v of entity unisim.LUT6 [\LUT6(init="10111000101110001011...]
Compiling architecture lut6_v of entity unisim.LUT6 [\LUT6(init="01001111010001000100...]
Compiling architecture lut6_v of entity unisim.LUT6 [\LUT6(init="00110011001100111111...]
Compiling architecture lut6_v of entity unisim.LUT6 [\LUT6(init="00000010000000100000...]
Compiling architecture lut6_v of entity unisim.LUT6 [\LUT6(init="11111111001100111100...]
Compiling architecture lut4_v of entity unisim.LUT4 [\LUT4(init="0001000001010100")(0...]
Compiling architecture lut6_v of entity unisim.LUT6 [\LUT6(init="00001111000011110000...]
Compiling architecture lut5_v of entity unisim.LUT5 [\LUT5(init="01000000111111110100...]
Compiling architecture lut6_v of entity unisim.LUT6 [\LUT6(init="00000000000000000000...]
Compiling architecture lut6_v of entity unisim.LUT6 [\LUT6(init="11111111111111111111...]
Compiling architecture lut6_v of entity unisim.LUT6 [\LUT6(init="00000000000000000000...]
Compiling architecture lut4_v of entity unisim.LUT4 [\LUT4(init="0011001100010000")(0...]
Compiling architecture lut6_v of entity unisim.LUT6 [\LUT6(init="10101000000010000000...]
Compiling architecture lut6_v of entity unisim.LUT6 [\LUT6(init="11111111111111111111...]
Compiling architecture lut5_v of entity unisim.LUT5 [\LUT5(init="11011111110111010000...]
Compiling architecture lut6_v of entity unisim.LUT6 [\LUT6(init="11111111111111111111...]
Compiling architecture lut6_v of entity unisim.LUT6 [\LUT6(init="00000000000000000000...]
Compiling architecture lut5_v of entity unisim.LUT5 [\LUT5(init="00000000000000000101...]
Compiling architecture lut5_v of entity unisim.LUT5 [\LUT5(init="11001100110011001100...]
Compiling architecture lut5_v of entity unisim.LUT5 [\LUT5(init="11011111111111111100...]
Compiling architecture lut5_v of entity unisim.LUT5 [\LUT5(init="10111011101110001011...]
Compiling architecture lut6_v of entity unisim.LUT6 [\LUT6(init="11111111111111110011...]
Compiling architecture lut6_v of entity unisim.LUT6 [\LUT6(init="00000011000000100000...]
Compiling architecture lut6_v of entity unisim.LUT6 [\LUT6(init="10111000000000001111...]
Compiling architecture lut6_v of entity unisim.LUT6 [\LUT6(init="00000000000000000000...]
Compiling architecture lut5_v of entity unisim.LUT5 [\LUT5(init="11010111111111111111...]
Compiling architecture lut5_v of entity unisim.LUT5 [\LUT5(init="00000000000000000000...]
Compiling architecture lut3_v of entity unisim.LUT3 [\LUT3(init="11010001")(0,7)\]
Compiling architecture lut6_v of entity unisim.LUT6 [\LUT6(init="11111111111101000100...]
Compiling architecture lut6_v of entity unisim.LUT6 [\LUT6(init="00000000000000000000...]
Compiling architecture lut6_v of entity unisim.LUT6 [\LUT6(init="11110000111100001111...]
Compiling architecture lut6_v of entity unisim.LUT6 [\LUT6(init="10101010110011001010...]
Compiling architecture lut6_v of entity unisim.LUT6 [\LUT6(init="00000000000000000000...]
Compiling architecture lut6_v of entity unisim.LUT6 [\LUT6(init="00000000000000000000...]
Compiling architecture lut6_v of entity unisim.LUT6 [\LUT6(init="00000100000000000000...]
Compiling architecture lut6_v of entity unisim.LUT6 [\LUT6(init="00000000000000000000...]
Compiling architecture lut6_v of entity unisim.LUT6 [\LUT6(init="01000000000000000000...]
Compiling architecture lut6_v of entity unisim.LUT6 [\LUT6(init="00000000000000000000...]
Compiling architecture lut6_v of entity unisim.LUT6 [\LUT6(init="00000000000000000000...]
Compiling architecture lut6_v of entity unisim.LUT6 [\LUT6(init="00000000000000000000...]
Compiling architecture lut6_v of entity unisim.LUT6 [\LUT6(init="00000000100000000000...]
Compiling architecture lut6_v of entity unisim.LUT6 [\LUT6(init="00000000000000000000...]
Compiling architecture lut6_v of entity unisim.LUT6 [\LUT6(init="00001000000000000000...]
Compiling architecture lut6_v of entity unisim.LUT6 [\LUT6(init="00000000000000000000...]
Compiling architecture lut6_v of entity unisim.LUT6 [\LUT6(init="00000000000000000000...]
Compiling architecture lut6_v of entity unisim.LUT6 [\LUT6(init="10000000000000000000...]
Compiling architecture lut6_v of entity unisim.LUT6 [\LUT6(init="00000000000000100000...]
Compiling architecture lut6_v of entity unisim.LUT6 [\LUT6(init="00000000000001000000...]
Compiling architecture lut6_v of entity unisim.LUT6 [\LUT6(init="00000000000010000000...]
Compiling architecture lut6_v of entity unisim.LUT6 [\LUT6(init="00000000000000000000...]
Compiling architecture lut6_v of entity unisim.LUT6 [\LUT6(init="00000000000000000000...]
Compiling architecture lut3_v of entity unisim.LUT3 [\LUT3(init="00110010")(0,7)\]
Compiling architecture lut3_v of entity unisim.LUT3 [\LUT3(init="00000001")(0,7)\]
Compiling architecture lut4_v of entity unisim.LUT4 [\LUT4(init="0011001100110010")(0...]
Compiling architecture lut6_v of entity unisim.LUT6 [\LUT6(init="00000000000000000000...]
Compiling architecture lut6_v of entity unisim.LUT6 [\LUT6(init="00000000000000000000...]
Compiling architecture lut5_v of entity unisim.LUT5 [\LUT5(init="00000000000000000000...]
Compiling architecture lut3_v of entity unisim.LUT3 [\LUT3(init="11111101")(0,7)\]
Compiling architecture lut2_v of entity unisim.LUT2 [\LUT2(init="1101")(0,3)\]
Compiling architecture lut6_v of entity unisim.LUT6 [\LUT6(init="00000000000000000000...]
Compiling architecture lut5_v of entity unisim.LUT5 [\LUT5(init="00000000000000001000...]
Compiling architecture lut5_v of entity unisim.LUT5 [\LUT5(init="00000000000000000000...]
Compiling architecture lut2_v of entity unisim.LUT2 [\LUT2(init="0111")(0,3)\]
Compiling architecture lut6_v of entity unisim.LUT6 [\LUT6(init="00000000000000010000...]
Compiling architecture lut5_v of entity unisim.LUT5 [\LUT5(init="00000000000000000000...]
Compiling architecture lut6_v of entity unisim.LUT6 [\LUT6(init="11111111111111111111...]
Compiling architecture lut4_v of entity unisim.LUT4 [\LUT4(init="1111111111110111")(0...]
Compiling architecture lut3_v of entity unisim.LUT3 [\LUT3(init="11011111")(0,7)\]
Compiling architecture lut6_v of entity unisim.LUT6 [\LUT6(init="11111111111111111111...]
Compiling architecture lut6_v of entity unisim.LUT6 [\LUT6(init="00000000000000000000...]
Compiling architecture lut4_v of entity unisim.LUT4 [\LUT4(init="1011111111111111")(0...]
Compiling architecture lut6_v of entity unisim.LUT6 [\LUT6(init="00000000000000000000...]
Compiling architecture lut5_v of entity unisim.LUT5 [\LUT5(init="00000000000000000000...]
Compiling architecture lut6_v of entity unisim.LUT6 [\LUT6(init="00000000000000000000...]
Compiling architecture lut5_v of entity unisim.LUT5 [\LUT5(init="11111101111111111111...]
Compiling architecture lut6_v of entity unisim.LUT6 [\LUT6(init="00000000000000000001...]
Compiling architecture lut4_v of entity unisim.LUT4 [\LUT4(init="1111111111011111")(0...]
Compiling architecture lut5_v of entity unisim.LUT5 [\LUT5(init="00000000000000000000...]
Compiling architecture lut3_v of entity unisim.LUT3 [\LUT3(init="11110111")(0,7)\]
Compiling architecture lut4_v of entity unisim.LUT4 [\LUT4(init="0000000000001000")(0...]
Compiling architecture lut6_v of entity unisim.LUT6 [\LUT6(init="00000000000000000000...]
Compiling architecture lut6_v of entity unisim.LUT6 [\LUT6(init="00000000000000000000...]
Compiling architecture lut5_v of entity unisim.LUT5 [\LUT5(init="00000001000000000000...]
Compiling architecture lut6_v of entity unisim.LUT6 [\LUT6(init="11111111111111111111...]
Compiling architecture lut6_v of entity unisim.LUT6 [\LUT6(init="11111111111111110000...]
Compiling architecture lut5_v of entity unisim.LUT5 [\LUT5(init="00000000000000001100...]
Compiling architecture lut5_v of entity unisim.LUT5 [\LUT5(init="01010101000000001110...]
Compiling architecture lut6_v of entity unisim.LUT6 [\LUT6(init="00000000000010001111...]
Compiling architecture lut6_v of entity unisim.LUT6 [\LUT6(init="11111111101010100101...]
Compiling architecture lut5_v of entity unisim.LUT5 [\LUT5(init="00001101111111110000...]
Compiling architecture lut3_v of entity unisim.LUT3 [\LUT3(init="10000000")(0,7)\]
Compiling architecture lut6_v of entity unisim.LUT6 [\LUT6(init="00101100001011001111...]
Compiling architecture lut5_v of entity unisim.LUT5 [\LUT5(init="01000000111111110100...]
Compiling architecture lut5_v of entity unisim.LUT5 [\LUT5(init="01001101111111110100...]
Compiling architecture lut4_v of entity unisim.LUT4 [\LUT4(init="0011000000010001")(0...]
Compiling architecture lut6_v of entity unisim.LUT6 [\LUT6(init="00000000000000000011...]
Compiling architecture lut4_v of entity unisim.LUT4 [\LUT4(init="0001000100010000")(0...]
Compiling architecture lut4_v of entity unisim.LUT4 [\LUT4(init="1000110110001000")(0...]
Compiling architecture lut5_v of entity unisim.LUT5 [\LUT5(init="00010000111111110001...]
Compiling architecture lut3_v of entity unisim.LUT3 [\LUT3(init="01001000")(0,7)\]
Compiling architecture lut3_v of entity unisim.LUT3 [\LUT3(init="01000010")(0,7)\]
Compiling architecture lut4_v of entity unisim.LUT4 [\LUT4(init="1110001001110111")(0...]
Compiling architecture lut4_v of entity unisim.LUT4 [\LUT4(init="1111101100001011")(0...]
Compiling architecture lut5_v of entity unisim.LUT5 [\LUT5(init="10101111101000000100...]
Compiling architecture lut6_v of entity unisim.LUT6 [\LUT6(init="11111111000000000000...]
Compiling architecture lut4_v of entity unisim.LUT4 [\LUT4(init="0100010101000000")(0...]
Compiling architecture lut6_v of entity unisim.LUT6 [\LUT6(init="00000000000000000000...]
Compiling architecture lut4_v of entity unisim.LUT4 [\LUT4(init="1111100000001000")(0...]
Compiling architecture lut3_v of entity unisim.LUT3 [\LUT3(init="01001011")(0,7)\]
Compiling architecture lut6_v of entity unisim.LUT6 [\LUT6(init="00000000000000000000...]
Compiling architecture lut4_v of entity unisim.LUT4 [\LUT4(init="1100000010001000")(0...]
Compiling architecture lut4_v of entity unisim.LUT4 [\LUT4(init="1000111110000000")(0...]
Compiling architecture lut5_v of entity unisim.LUT5 [\LUT5(init="11111100001100001000...]
Compiling architecture lut6_v of entity unisim.LUT6 [\LUT6(init="00000000000000000000...]
Compiling architecture lut3_v of entity unisim.LUT3 [\LUT3(init="00100000")(0,7)\]
Compiling architecture lut4_v of entity unisim.LUT4 [\LUT4(init="0000010000010000")(0...]
Compiling architecture lut4_v of entity unisim.LUT4 [\LUT4(init="0000000100000000")(0...]
Compiling architecture lut4_v of entity unisim.LUT4 [\LUT4(init="1110010011111111")(0...]
Compiling architecture lut6_v of entity unisim.LUT6 [\LUT6(init="11111111010001000000...]
Compiling architecture lut6_v of entity unisim.LUT6 [\LUT6(init="11111111111111111111...]
Compiling architecture lut5_v of entity unisim.LUT5 [\LUT5(init="11111101000011011110...]
Compiling architecture lut6_v of entity unisim.LUT6 [\LUT6(init="11111111111111110010...]
Compiling architecture lut4_v of entity unisim.LUT4 [\LUT4(init="0000110000000001")(0...]
Compiling architecture lut4_v of entity unisim.LUT4 [\LUT4(init="0010111100100000")(0...]
Compiling architecture lut5_v of entity unisim.LUT5 [\LUT5(init="11001111000000101100...]
Compiling architecture lut6_v of entity unisim.LUT6 [\LUT6(init="00110011001100110010...]
Compiling architecture lut5_v of entity unisim.LUT5 [\LUT5(init="00010011001100110000...]
Compiling architecture lut4_v of entity unisim.LUT4 [\LUT4(init="0000000000100000")(0...]
Compiling architecture lut5_v of entity unisim.LUT5 [\LUT5(init="00110011001100000001...]
Compiling architecture lut5_v of entity unisim.LUT5 [\LUT5(init="00110011001000000000...]
Compiling architecture lut6_v of entity unisim.LUT6 [\LUT6(init="11001100110011001111...]
Compiling architecture lut4_v of entity unisim.LUT4 [\LUT4(init="1100110111101111")(0...]
Compiling architecture lut6_v of entity unisim.LUT6 [\LUT6(init="11111111011101110000...]
Compiling architecture lut4_v of entity unisim.LUT4 [\LUT4(init="0000110010111000")(0...]
Compiling architecture lut5_v of entity unisim.LUT5 [\LUT5(init="11100010010001001100...]
Compiling architecture structure of entity xil_defaultlib.design_1_SingleCycleMIPS_axi_v1_0_0_0_PC [design_1_singlecyclemips_axi_v1_...]
Compiling architecture lut4_v of entity unisim.LUT4 [\LUT4(init="1010100101011001")(0...]
Compiling architecture lut4_v of entity unisim.LUT4 [\LUT4(init="1111010010110000")(0...]
Compiling architecture lut3_v of entity unisim.LUT3 [\LUT3(init="11100100")(0,7)\]
Compiling architecture lut6_v of entity unisim.LUT6 [\LUT6(init="01010101010001110101...]
Compiling architecture lut6_v of entity unisim.LUT6 [\LUT6(init="11111111111111111111...]
Compiling architecture lut6_v of entity unisim.LUT6 [\LUT6(init="11001100110011001100...]
Compiling architecture lut6_v of entity unisim.LUT6 [\LUT6(init="11111111111111101111...]
Compiling architecture lut6_v of entity unisim.LUT6 [\LUT6(init="11111111111111111111...]
Compiling architecture structure of entity xil_defaultlib.design_1_SingleCycleMIPS_axi_v1_0_0_0_vhdl_Register [design_1_singlecyclemips_axi_v1_...]
Compiling architecture structure of entity xil_defaultlib.design_1_SingleCycleMIPS_axi_v1_0_0_0_SingleCycleMIPS [design_1_singlecyclemips_axi_v1_...]
Compiling architecture structure of entity xil_defaultlib.design_1_SingleCycleMIPS_axi_v1_0_0_0_SingleCycleMIPS_export [design_1_singlecyclemips_axi_v1_...]
Compiling architecture lut4_v of entity unisim.LUT4 [\LUT4(init="1111101100001000")(0...]
Compiling architecture fdse_v of entity unisim.FDSE [fdse_default]
Compiling architecture lut5_v of entity unisim.LUT5 [\LUT5(init="11111111101111110000...]
Compiling architecture lut6_v of entity unisim.LUT6 [\LUT6(init="00000000000000001111...]
Compiling architecture lut5_v of entity unisim.LUT5 [\LUT5(init="10100000101000001100...]
Compiling architecture lut4_v of entity unisim.LUT4 [\LUT4(init="0000100011111000")(0...]
Compiling architecture lut4_v of entity unisim.LUT4 [\LUT4(init="0000000010000000")(0...]
Compiling architecture lut4_v of entity unisim.LUT4 [\LUT4(init="1000000000000000")(0...]
Compiling architecture structure of entity xil_defaultlib.design_1_SingleCycleMIPS_axi_v1_0_0_0_SingleCycleMIPS_v1_0_Control [design_1_singlecyclemips_axi_v1_...]
Compiling architecture lut6_v of entity unisim.LUT6 [\LUT6(init="01110100010001000100...]
Compiling architecture muxf8_v of entity unisim.MUXF8 [muxf8_default]
Compiling architecture lut5_v of entity unisim.LUT5 [\LUT5(init="00000000000000000000...]
Compiling architecture lut5_v of entity unisim.LUT5 [\LUT5(init="00000000000000000000...]
Compiling architecture lut5_v of entity unisim.LUT5 [\LUT5(init="00000010000000000000...]
Compiling architecture lut5_v of entity unisim.LUT5 [\LUT5(init="00001000000000000000...]
Compiling architecture lut5_v of entity unisim.LUT5 [\LUT5(init="10000000000000000000...]
Compiling architecture lut4_v of entity unisim.LUT4 [\LUT4(init="0000100000000000")(0...]
Compiling architecture structure of entity xil_defaultlib.design_1_SingleCycleMIPS_axi_v1_0_0_0_SingleCycleMIPS_v1_0_Instruction [design_1_singlecyclemips_axi_v1_...]
Compiling architecture structure of entity xil_defaultlib.design_1_SingleCycleMIPS_axi_v1_0_0_0_SingleCycleMIPS_v1_0_Memory [design_1_singlecyclemips_axi_v1_...]
Compiling architecture structure of entity xil_defaultlib.design_1_SingleCycleMIPS_axi_v1_0_0_0_SingleCycleMIPS_v1_0 [design_1_singlecyclemips_axi_v1_...]
Compiling architecture structure of entity xil_defaultlib.design_1_SingleCycleMIPS_axi_v1_0_0_0 [design_1_singlecyclemips_axi_v1_...]
Compiling architecture bufg_v of entity unisim.BUFG [bufg_default]
Compiling architecture mmcme2_adv_v of entity unisim.MMCME2_ADV [\MMCME2_ADV(clkfbout_mult_f=15.6...]
Compiling architecture structure of entity xil_defaultlib.design_1_clk_wiz_0_0_design_1_clk_wiz_0_0_clk_wiz [design_1_clk_wiz_0_0_design_1_cl...]
Compiling architecture structure of entity xil_defaultlib.design_1_clk_wiz_0_0 [design_1_clk_wiz_0_0_default]
Compiling architecture fdre_v of entity unisim.FDRE [\FDRE(init='1')\]
Compiling architecture lut5_v of entity unisim.LUT5 [\LUT5(init="11101010101010101010...]
Compiling architecture structure of entity xil_defaultlib.design_1_proc_sys_reset_0_0_cdc_sync [design_1_proc_sys_reset_0_0_cdc_...]
Compiling architecture structure of entity xil_defaultlib.design_1_proc_sys_reset_0_0_cdc_sync_0 [design_1_proc_sys_reset_0_0_cdc_...]
Compiling architecture srl16e_v of entity unisim.SRL16E [\SRL16E(init="1111111111111111")...]
Compiling architecture lut4_v of entity unisim.LUT4 [\LUT4(init="1111111111101111")(0...]
Compiling architecture structure of entity xil_defaultlib.design_1_proc_sys_reset_0_0_lpf [design_1_proc_sys_reset_0_0_lpf_...]
Compiling architecture fdse_v of entity unisim.FDSE [\FDSE(init='0')\]
Compiling architecture lut3_v of entity unisim.LUT3 [\LUT3(init="01111000")(0,7)\]
Compiling architecture lut4_v of entity unisim.LUT4 [\LUT4(init="0111111110000000")(0...]
Compiling architecture lut5_v of entity unisim.LUT5 [\LUT5(init="01111111111111111000...]
Compiling architecture lut6_v of entity unisim.LUT6 [\LUT6(init="01111111111111111111...]
Compiling architecture structure of entity xil_defaultlib.design_1_proc_sys_reset_0_0_upcnt_n [design_1_proc_sys_reset_0_0_upcn...]
Compiling architecture lut4_v of entity unisim.LUT4 [\LUT4(init="0000100000000100")(0...]
Compiling architecture lut4_v of entity unisim.LUT4 [\LUT4(init="1000000001000000")(0...]
Compiling architecture lut4_v of entity unisim.LUT4 [\LUT4(init="0001000010000000")(0...]
Compiling architecture structure of entity xil_defaultlib.design_1_proc_sys_reset_0_0_sequence_psr [design_1_proc_sys_reset_0_0_sequ...]
Compiling architecture structure of entity xil_defaultlib.design_1_proc_sys_reset_0_0_proc_sys_reset [design_1_proc_sys_reset_0_0_proc...]
Compiling architecture structure of entity xil_defaultlib.design_1_proc_sys_reset_0_0 [design_1_proc_sys_reset_0_0_defa...]
Compiling architecture bibuf_v of entity unisim.BIBUF [bibuf_default]
Compiling architecture ps7_v of entity unisim.PS7 [\PS7:design_1_wrapper:design_1_i...]
Compiling architecture structure of entity xil_defaultlib.design_1_processing_system7_0_0_processing_system7_v5_5_processing_system7 [\design_1_processing_system7_0_0...]
Compiling architecture structure of entity xil_defaultlib.design_1_processing_system7_0_0 [\design_1_processing_system7_0_0...]
Compiling architecture vcc_v of entity unisim.VCC [vcc_default]
Compiling architecture lut4_v of entity unisim.LUT4 [\LUT4(init="1010111010101010")(0...]
Compiling architecture lut4_v of entity unisim.LUT4 [\LUT4(init="0000111000000010")(0...]
Compiling architecture lut5_v of entity unisim.LUT5 [\LUT5(init="00000000000000000010...]
Compiling architecture lut3_v of entity unisim.LUT3 [\LUT3(init="10001111")(0,7)\]
Compiling architecture lut5_v of entity unisim.LUT5 [\LUT5(init="11111111011100001111...]
Compiling architecture lut5_v of entity unisim.LUT5 [\LUT5(init="11111111111111110000...]
Compiling architecture lut4_v of entity unisim.LUT4 [\LUT4(init="1010101110101000")(0...]
Compiling architecture lut6_v of entity unisim.LUT6 [\LUT6(init="11111111110011111111...]
Compiling architecture lut6_v of entity unisim.LUT6 [\LUT6(init="11111111111111111111...]
Compiling architecture lut6_v of entity unisim.LUT6 [\LUT6(init="00000000000000000111...]
Compiling architecture lut5_v of entity unisim.LUT5 [\LUT5(init="00001111110000000000...]
Compiling architecture structure of entity xil_defaultlib.\design_1_auto_pc_0__axi_protocol_converter_v2_1_12_b2s_rd_cmd_fsm\ [\design_1_auto_pc_0__axi_protoco...]
Compiling architecture lut6_v of entity unisim.LUT6 [\LUT6(init="10101010101010100110...]
Compiling architecture lut6_v of entity unisim.LUT6 [\LUT6(init="00101010001010100010...]
Compiling architecture lut6_v of entity unisim.LUT6 [\LUT6(init="00001010000010100000...]
Compiling architecture lut6_v of entity unisim.LUT6 [\LUT6(init="00000010000000100000...]
Compiling architecture lut6_v of entity unisim.LUT6 [\LUT6(init="01000100010001000100...]
Compiling architecture lut5_v of entity unisim.LUT5 [\LUT5(init="11111000100011111000...]
Compiling architecture lut6_v of entity unisim.LUT6 [\LUT6(init="11111000111110001111...]
Compiling architecture lut6_v of entity unisim.LUT6 [\LUT6(init="10101010101010010000...]
Compiling architecture lut5_v of entity unisim.LUT5 [\LUT5(init="01010101010101000101...]
Compiling architecture lut5_v of entity unisim.LUT5 [\LUT5(init="10101010101010101010...]
Compiling architecture lut6_v of entity unisim.LUT6 [\LUT6(init="10101010101010101010...]
Compiling architecture lut3_v of entity unisim.LUT3 [\LUT3(init="10100110")(0,7)\]
Compiling architecture lut4_v of entity unisim.LUT4 [\LUT4(init="1010100110101010")(0...]
Compiling architecture lut4_v of entity unisim.LUT4 [\LUT4(init="1110111101000000")(0...]
Compiling architecture lut5_v of entity unisim.LUT5 [\LUT5(init="11111111111111110101...]
Compiling architecture structure of entity xil_defaultlib.\design_1_auto_pc_0__axi_protocol_converter_v2_1_12_b2s_incr_cmd_2\ [\design_1_auto_pc_0__axi_protoco...]
Compiling architecture lut4_v of entity unisim.LUT4 [\LUT4(init="1111111111110110")(0...]
Compiling architecture lut6_v of entity unisim.LUT6 [\LUT6(init="01101111111101101111...]
Compiling architecture lut3_v of entity unisim.LUT3 [\LUT3(init="01101010")(0,7)\]
Compiling architecture lut3_v of entity unisim.LUT3 [\LUT3(init="10101001")(0,7)\]
Compiling architecture lut5_v of entity unisim.LUT5 [\LUT5(init="01010101010101010101...]
Compiling architecture lut6_v of entity unisim.LUT6 [\LUT6(init="01000100010001000100...]
Compiling architecture lut6_v of entity unisim.LUT6 [\LUT6(init="11101111111000001110...]
Compiling architecture structure of entity xil_defaultlib.\design_1_auto_pc_0__axi_protocol_converter_v2_1_12_b2s_wrap_cmd_3\ [\design_1_auto_pc_0__axi_protoco...]
Compiling architecture structure of entity xil_defaultlib.\design_1_auto_pc_0__axi_protocol_converter_v2_1_12_b2s_cmd_translator_1\ [\design_1_auto_pc_0__axi_protoco...]
Compiling architecture structure of entity xil_defaultlib.\design_1_auto_pc_0__axi_protocol_converter_v2_1_12_b2s_ar_channel\ [\design_1_auto_pc_0__axi_protoco...]
Compiling architecture lut4_v of entity unisim.LUT4 [\LUT4(init="1010011010011010")(0...]
Compiling architecture lut5_v of entity unisim.LUT5 [\LUT5(init="10101010101010010110...]
Compiling architecture lut6_v of entity unisim.LUT6 [\LUT6(init="10101010101010101010...]
Compiling architecture lut6_v of entity unisim.LUT6 [\LUT6(init="10101010101010011010...]
Compiling architecture lut5_v of entity unisim.LUT5 [\LUT5(init="11111111111111111111...]
Compiling architecture lut3_v of entity unisim.LUT3 [\LUT3(init="01001111")(0,7)\]
Compiling architecture lut3_v of entity unisim.LUT3 [\LUT3(init="01111111")(0,7)\]
Compiling architecture lut5_v of entity unisim.LUT5 [\LUT5(init="11110111011111110111...]
Compiling architecture lut6_v of entity unisim.LUT6 [\LUT6(init="11111111000010000000...]
Compiling architecture srlc32e_v of entity unisim.SRLC32E [\SRLC32E(0,31)\]
Compiling architecture lut6_v of entity unisim.LUT6 [\LUT6(init="10101010001010100010...]
Compiling architecture lut5_v of entity unisim.LUT5 [\LUT5(init="01111100000000000000...]
Compiling architecture structure of entity xil_defaultlib.\design_1_auto_pc_0__axi_protocol_converter_v2_1_12_b2s_simple_fifo__parameterized1\ [\design_1_auto_pc_0__axi_protoco...]
Compiling architecture lut5_v of entity unisim.LUT5 [\LUT5(init="10101010011010101010...]
Compiling architecture lut6_v of entity unisim.LUT6 [\LUT6(init="10101010010101011010...]
Compiling architecture lut6_v of entity unisim.LUT6 [\LUT6(init="10111111111011101010...]
Compiling architecture structure of entity xil_defaultlib.\design_1_auto_pc_0__axi_protocol_converter_v2_1_12_b2s_simple_fifo__parameterized2\ [\design_1_auto_pc_0__axi_protoco...]
Compiling architecture structure of entity xil_defaultlib.\design_1_auto_pc_0__axi_protocol_converter_v2_1_12_b2s_r_channel\ [\design_1_auto_pc_0__axi_protoco...]
Compiling architecture lut5_v of entity unisim.LUT5 [\LUT5(init="11111111111000010000...]
Compiling architecture lut3_v of entity unisim.LUT3 [\LUT3(init="00101010")(0,7)\]
Compiling architecture lut5_v of entity unisim.LUT5 [\LUT5(init="11111111011110000000...]
Compiling architecture lut5_v of entity unisim.LUT5 [\LUT5(init="11111111110100100000...]
Compiling architecture lut6_v of entity unisim.LUT6 [\LUT6(init="00000000000000000000...]
Compiling architecture lut6_v of entity unisim.LUT6 [\LUT6(init="11111111111111111111...]
Compiling architecture lut6_v of entity unisim.LUT6 [\LUT6(init="00000011111111111111...]
Compiling architecture lut5_v of entity unisim.LUT5 [\LUT5(init="10101010101010101010...]
Compiling architecture lut5_v of entity unisim.LUT5 [\LUT5(init="11110100010001001111...]
Compiling architecture lut4_v of entity unisim.LUT4 [\LUT4(init="1010101010001010")(0...]
Compiling architecture lut5_v of entity unisim.LUT5 [\LUT5(init="10001010100010001000...]
Compiling architecture lut6_v of entity unisim.LUT6 [\LUT6(init="10100000101000000000...]
Compiling architecture lut6_v of entity unisim.LUT6 [\LUT6(init="00000000001010100000...]
Compiling architecture lut4_v of entity unisim.LUT4 [\LUT4(init="0010101010101010")(0...]
Compiling architecture lut6_v of entity unisim.LUT6 [\LUT6(init="11011101110111011101...]
Compiling architecture lut4_v of entity unisim.LUT4 [\LUT4(init="1010011010101010")(0...]
Compiling architecture lut5_v of entity unisim.LUT5 [\LUT5(init="10101010101010101011...]
Compiling architecture lut6_v of entity unisim.LUT6 [\LUT6(init="00000000000000000000...]
Compiling architecture lut6_v of entity unisim.LUT6 [\LUT6(init="00000000000000000000...]
Compiling architecture lut6_v of entity unisim.LUT6 [\LUT6(init="11111111111111111111...]
Compiling architecture lut6_v of entity unisim.LUT6 [\LUT6(init="00000000000000000000...]
Compiling architecture lut6_v of entity unisim.LUT6 [\LUT6(init="00101110111000100010...]
Compiling architecture lut6_v of entity unisim.LUT6 [\LUT6(init="00001000111100111111...]
Compiling architecture lut6_v of entity unisim.LUT6 [\LUT6(init="10111111000000001111...]
Compiling architecture lut6_v of entity unisim.LUT6 [\LUT6(init="00000000000000000000...]
Compiling architecture structure of entity xil_defaultlib.\design_1_auto_pc_0__axi_register_slice_v2_1_12_axic_register_slice\ [\design_1_auto_pc_0__axi_registe...]
Compiling architecture lut6_v of entity unisim.LUT6 [\LUT6(init="00010001000111011101...]
Compiling architecture lut6_v of entity unisim.LUT6 [\LUT6(init="11100010111000101110...]
Compiling architecture lut6_v of entity unisim.LUT6 [\LUT6(init="10001000100010000000...]
Compiling architecture lut6_v of entity unisim.LUT6 [\LUT6(init="00000000001010101010...]
Compiling architecture structure of entity xil_defaultlib.\design_1_auto_pc_0__axi_register_slice_v2_1_12_axic_register_slice_0\ [\design_1_auto_pc_0__axi_registe...]
Compiling architecture structure of entity xil_defaultlib.\design_1_auto_pc_0__axi_register_slice_v2_1_12_axic_register_slice__parameterized1\ [\design_1_auto_pc_0__axi_registe...]
Compiling architecture lut4_v of entity unisim.LUT4 [\LUT4(init="0100111111111111")(0...]
Compiling architecture lut4_v of entity unisim.LUT4 [\LUT4(init="1111100011111111")(0...]
Compiling architecture structure of entity xil_defaultlib.\design_1_auto_pc_0__axi_register_slice_v2_1_12_axic_register_slice__parameterized2\ [\design_1_auto_pc_0__axi_registe...]
Compiling architecture structure of entity xil_defaultlib.\design_1_auto_pc_0__axi_register_slice_v2_1_12_axi_register_slice\ [\design_1_auto_pc_0__axi_registe...]
Compiling architecture lut6_v of entity unisim.LUT6 [\LUT6(init="10101010101010101010...]
Compiling architecture lut6_v of entity unisim.LUT6 [\LUT6(init="00000100000000001111...]
Compiling architecture lut4_v of entity unisim.LUT4 [\LUT4(init="0000010011111111")(0...]
Compiling architecture lut5_v of entity unisim.LUT5 [\LUT5(init="00000000000000000000...]
Compiling architecture lut6_v of entity unisim.LUT6 [\LUT6(init="11001111110011110000...]
Compiling architecture lut5_v of entity unisim.LUT5 [\LUT5(init="10111000100010001011...]
Compiling architecture lut6_v of entity unisim.LUT6 [\LUT6(init="01010101010101011101...]
Compiling architecture lut6_v of entity unisim.LUT6 [\LUT6(init="11111111111111111111...]
Compiling architecture lut6_v of entity unisim.LUT6 [\LUT6(init="11111111111111111111...]
Compiling architecture lut6_v of entity unisim.LUT6 [\LUT6(init="10101110111111100000...]
Compiling architecture lut6_v of entity unisim.LUT6 [\LUT6(init="00101110001000100000...]
Compiling architecture lut6_v of entity unisim.LUT6 [\LUT6(init="10101010101010101010...]
Compiling architecture lut5_v of entity unisim.LUT5 [\LUT5(init="00100011000100000110...]
Compiling architecture lut6_v of entity unisim.LUT6 [\LUT6(init="10101001100110011010...]
Compiling architecture lut6_v of entity unisim.LUT6 [\LUT6(init="10101010101011100000...]
Compiling architecture lut6_v of entity unisim.LUT6 [\LUT6(init="11111111111111111111...]
Compiling architecture lut6_v of entity unisim.LUT6 [\LUT6(init="00000000000000000000...]
Compiling architecture lut6_v of entity unisim.LUT6 [\LUT6(init="00100010001000101110...]
Compiling architecture lut6_v of entity unisim.LUT6 [\LUT6(init="11100010111000101110...]
Compiling architecture lut6_v of entity unisim.LUT6 [\LUT6(init="11111011000000001111...]
Compiling architecture structure of entity xil_defaultlib.\design_1_auto_pc_0__axi_protocol_converter_v2_1_12_b2s_wr_cmd_fsm\ [\design_1_auto_pc_0__axi_protoco...]
Compiling architecture lut4_v of entity unisim.LUT4 [\LUT4(init="1001101010101010")(0...]
Compiling architecture lut4_v of entity unisim.LUT4 [\LUT4(init="0000101010011010")(0...]
Compiling architecture lut4_v of entity unisim.LUT4 [\LUT4(init="0000000010011010")(0...]
Compiling architecture lut4_v of entity unisim.LUT4 [\LUT4(init="0000000000001001")(0...]
Compiling architecture structure of entity xil_defaultlib.\design_1_auto_pc_0__axi_protocol_converter_v2_1_12_b2s_incr_cmd\ [\design_1_auto_pc_0__axi_protoco...]
Compiling architecture structure of entity xil_defaultlib.\design_1_auto_pc_0__axi_protocol_converter_v2_1_12_b2s_wrap_cmd\ [\design_1_auto_pc_0__axi_protoco...]
Compiling architecture structure of entity xil_defaultlib.\design_1_auto_pc_0__axi_protocol_converter_v2_1_12_b2s_cmd_translator\ [\design_1_auto_pc_0__axi_protoco...]
Compiling architecture structure of entity xil_defaultlib.\design_1_auto_pc_0__axi_protocol_converter_v2_1_12_b2s_aw_channel\ [\design_1_auto_pc_0__axi_protoco...]
Compiling architecture lut6_v of entity unisim.LUT6 [\LUT6(init="10101010101010101010...]
Compiling architecture lut4_v of entity unisim.LUT4 [\LUT4(init="0000000000101010")(0...]
Compiling architecture lut6_v of entity unisim.LUT6 [\LUT6(init="11111111111111111111...]
Compiling architecture lut4_v of entity unisim.LUT4 [\LUT4(init="1110011100011000")(0...]
Compiling architecture srl16e_v of entity unisim.SRL16E [\SRL16E(0,15)\]
Compiling architecture lut5_v of entity unisim.LUT5 [\LUT5(init="00000010000000000000...]
Compiling architecture lut5_v of entity unisim.LUT5 [\LUT5(init="10010000000010010000...]
Compiling architecture lut6_v of entity unisim.LUT6 [\LUT6(init="11111111111111101111...]
Compiling architecture structure of entity xil_defaultlib.\design_1_auto_pc_0__axi_protocol_converter_v2_1_12_b2s_simple_fifo\ [\design_1_auto_pc_0__axi_protoco...]
Compiling architecture lut4_v of entity unisim.LUT4 [\LUT4(init="0110101010101010")(0...]
Compiling architecture lut5_v of entity unisim.LUT5 [\LUT5(init="01101010101010101010...]
Compiling architecture lut6_v of entity unisim.LUT6 [\LUT6(init="01101010101010101010...]
Compiling architecture lut4_v of entity unisim.LUT4 [\LUT4(init="1001101010100110")(0...]
Compiling architecture lut4_v of entity unisim.LUT4 [\LUT4(init="0010000000000000")(0...]
Compiling architecture structure of entity xil_defaultlib.\design_1_auto_pc_0__axi_protocol_converter_v2_1_12_b2s_simple_fifo__parameterized0\ [\design_1_auto_pc_0__axi_protoco...]
Compiling architecture lut6_v of entity unisim.LUT6 [\LUT6(init="00000000000000000000...]
Compiling architecture lut4_v of entity unisim.LUT4 [\LUT4(init="0000000011101010")(0...]
Compiling architecture structure of entity xil_defaultlib.\design_1_auto_pc_0__axi_protocol_converter_v2_1_12_b2s_b_channel\ [\design_1_auto_pc_0__axi_protoco...]
Compiling architecture structure of entity xil_defaultlib.\design_1_auto_pc_0__axi_protocol_converter_v2_1_12_b2s\ [\design_1_auto_pc_0__axi_protoco...]
Compiling architecture structure of entity xil_defaultlib.\design_1_auto_pc_0__axi_protocol_converter_v2_1_12_axi_protocol_converter\ [\design_1_auto_pc_0__axi_protoco...]
Compiling architecture structure of entity xil_defaultlib.design_1_auto_pc_0 [design_1_auto_pc_0_default]
Compiling architecture structure of entity xil_defaultlib.s00_couplers_imp_UYSKKA [s00_couplers_imp_uyskka_default]
Compiling architecture lut4_v of entity unisim.LUT4 [\LUT4(init="1111101111111111")(0...]
Compiling architecture lut6_v of entity unisim.LUT6 [\LUT6(init="11111111111111111111...]
Compiling architecture lut6_v of entity unisim.LUT6 [\LUT6(init="00001000000010000000...]
Compiling architecture lut4_v of entity unisim.LUT4 [\LUT4(init="1111000011111110")(0...]
Compiling architecture lut5_v of entity unisim.LUT5 [\LUT5(init="11100000000000000000...]
Compiling architecture lut6_v of entity unisim.LUT6 [\LUT6(init="00001011111110111111...]
Compiling architecture lut5_v of entity unisim.LUT5 [\LUT5(init="10101010101010101000...]
Compiling architecture lut4_v of entity unisim.LUT4 [\LUT4(init="0000010000000000")(0...]
Compiling architecture lut4_v of entity unisim.LUT4 [\LUT4(init="1010100010100000")(0...]
Compiling architecture lut6_v of entity unisim.LUT6 [\LUT6(init="11111111111111111111...]
Compiling architecture lut6_v of entity unisim.LUT6 [\LUT6(init="11111111111111111111...]
Compiling architecture lut5_v of entity unisim.LUT5 [\LUT5(init="00000000001000000000...]
Compiling architecture lut5_v of entity unisim.LUT5 [\LUT5(init="01000000000000001111...]
Compiling architecture lut5_v of entity unisim.LUT5 [\LUT5(init="11110000111101001111...]
Compiling architecture lut4_v of entity unisim.LUT4 [\LUT4(init="0100010101010101")(0...]
Compiling architecture lut5_v of entity unisim.LUT5 [\LUT5(init="10001010101010101010...]
Compiling architecture lut4_v of entity unisim.LUT4 [\LUT4(init="0000000001000000")(0...]
Compiling architecture lut6_v of entity unisim.LUT6 [\LUT6(init="00000000000000000000...]
Compiling architecture structure of entity xil_defaultlib.design_1_xbar_0_axi_crossbar_v2_1_13_addr_arbiter_sasd [design_1_xbar_0_axi_crossbar_v2_...]
Compiling architecture lut5_v of entity unisim.LUT5 [\LUT5(init="10101010001010100000...]
Compiling architecture lut6_v of entity unisim.LUT6 [\LUT6(init="11111111111111111111...]
Compiling architecture lut5_v of entity unisim.LUT5 [\LUT5(init="01110111111100000111...]
Compiling architecture lut5_v of entity unisim.LUT5 [\LUT5(init="00001111100010001111...]
Compiling architecture lut6_v of entity unisim.LUT6 [\LUT6(init="11001100101010101111...]
Compiling architecture lut6_v of entity unisim.LUT6 [\LUT6(init="11001100101010101111...]
Compiling architecture lut6_v of entity unisim.LUT6 [\LUT6(init="11001100111111111010...]
Compiling architecture lut6_v of entity unisim.LUT6 [\LUT6(init="00000000010101010011...]
Compiling architecture lut6_v of entity unisim.LUT6 [\LUT6(init="01010101001100110000...]
Compiling architecture structure of entity xil_defaultlib.design_1_xbar_0_axi_crossbar_v2_1_13_decerr_slave [design_1_xbar_0_axi_crossbar_v2_...]
Compiling architecture lut3_v of entity unisim.LUT3 [\LUT3(init="00001110")(0,7)\]
Compiling architecture lut6_v of entity unisim.LUT6 [\LUT6(init="00000000001100110000...]
Compiling architecture lut6_v of entity unisim.LUT6 [\LUT6(init="00000000000000000101...]
Compiling architecture lut6_v of entity unisim.LUT6 [\LUT6(init="11111111111111111111...]
Compiling architecture lut5_v of entity unisim.LUT5 [\LUT5(init="00001010110011110000...]
Compiling architecture lut5_v of entity unisim.LUT5 [\LUT5(init="00001111110010100000...]
Compiling architecture lut5_v of entity unisim.LUT5 [\LUT5(init="00001100101011110000...]
Compiling architecture structure of entity xil_defaultlib.design_1_xbar_0_axi_register_slice_v2_1_12_axic_register_slice [design_1_xbar_0_axi_register_sli...]
Compiling architecture lut5_v of entity unisim.LUT5 [\LUT5(init="11111100101011111111...]
Compiling architecture lut6_v of entity unisim.LUT6 [\LUT6(init="00000000000000000000...]
Compiling architecture lut6_v of entity unisim.LUT6 [\LUT6(init="00100010001000100010...]
Compiling architecture structure of entity xil_defaultlib.\design_1_xbar_0_axi_crossbar_v2_1_13_splitter__parameterized0\ [\design_1_xbar_0_axi_crossbar_v2...]
Compiling architecture lut6_v of entity unisim.LUT6 [\LUT6(init="01010101010101010101...]
Compiling architecture lut6_v of entity unisim.LUT6 [\LUT6(init="10100010000000001010...]
Compiling architecture lut6_v of entity unisim.LUT6 [\LUT6(init="10000000100010001000...]
Compiling architecture lut6_v of entity unisim.LUT6 [\LUT6(init="00000010000010100000...]
Compiling architecture structure of entity xil_defaultlib.design_1_xbar_0_axi_crossbar_v2_1_13_splitter [design_1_xbar_0_axi_crossbar_v2_...]
Compiling architecture structure of entity xil_defaultlib.design_1_xbar_0_axi_crossbar_v2_1_13_crossbar_sasd [design_1_xbar_0_axi_crossbar_v2_...]
Compiling architecture structure of entity xil_defaultlib.design_1_xbar_0_axi_crossbar_v2_1_13_axi_crossbar [design_1_xbar_0_axi_crossbar_v2_...]
Compiling architecture structure of entity xil_defaultlib.design_1_xbar_0 [design_1_xbar_0_default]
Compiling architecture structure of entity xil_defaultlib.design_1_ps7_0_axi_periph_0 [design_1_ps7_0_axi_periph_0_defa...]
Compiling architecture structure of entity xil_defaultlib.\design_1_rst_ps7_0_100M_0__cdc_sync\ [\design_1_rst_ps7_0_100M_0__cdc_...]
Compiling architecture structure of entity xil_defaultlib.\design_1_rst_ps7_0_100M_0__cdc_sync_0\ [\design_1_rst_ps7_0_100M_0__cdc_...]
Compiling architecture structure of entity xil_defaultlib.\design_1_rst_ps7_0_100M_0__lpf\ [\design_1_rst_ps7_0_100M_0__lpf_...]
Compiling architecture structure of entity xil_defaultlib.\design_1_rst_ps7_0_100M_0__upcnt_n\ [\design_1_rst_ps7_0_100M_0__upcn...]
Compiling architecture structure of entity xil_defaultlib.\design_1_rst_ps7_0_100M_0__sequence_psr\ [\design_1_rst_ps7_0_100M_0__sequ...]
Compiling architecture structure of entity xil_defaultlib.\design_1_rst_ps7_0_100M_0__proc_sys_reset\ [\design_1_rst_ps7_0_100M_0__proc...]
Compiling architecture structure of entity xil_defaultlib.design_1_rst_ps7_0_100M_0 [design_1_rst_ps7_0_100m_0_defaul...]
Compiling architecture structure of entity xil_defaultlib.design_1 [\design_1:design_1_wrapper:desig...]
Compiling architecture structure of entity xil_defaultlib.design_1_wrapper
Built simulation snapshot design_1_wrapper_func_synth
