Vivado Simulator 2017.1
Copyright 1986-1999, 2001-2016 Xilinx, Inc. All Rights Reserved.
Running: C:/Xilinx/Vivado/2017.1/bin/unwrapped/win64.o/xelab.exe -wto e792f7bcc07d489ba3ed0b7b15c02c34 --debug typical --relax --mt 2 -L xil_defaultlib -L lib_cdc_v1_0_2 -L proc_sys_reset_v5_0_11 -L secureip -L xpm --snapshot design_1_wrapper_behav xil_defaultlib.design_1_wrapper -log elaborate.log 
Using 2 slave threads.
Starting static elaboration
Completed static elaboration
Starting simulation data flow analysis
Completed simulation data flow analysis
Time Resolution for simulation is 1ps
Compiling package std.standard
Compiling package std.textio
Compiling package ieee.std_logic_1164
Compiling package unisim.vcomponents
Compiling package ieee.numeric_std
Compiling package xil_defaultlib.system_types
Compiling package xil_defaultlib.custom_types
Compiling package ieee.std_logic_arith
Compiling package ieee.vital_timing
Compiling package ieee.vital_primitives
Compiling package unisim.vpkg
Compiling package synopsys.attributes
Compiling package ieee.std_logic_misc
Compiling architecture arch_imp of entity xil_defaultlib.LogicGates_AXI_v1_0_S00_AXI [logicgates_axi_v1_0_s00_axi_defa...]
Compiling architecture rtl of entity xil_defaultlib.AndGate [andgate_default]
Compiling architecture rtl of entity xil_defaultlib.OrGate [orgate_default]
Compiling architecture rtl of entity xil_defaultlib.NotGate [notgate_default]
Compiling architecture rtl of entity xil_defaultlib.XorGate [xorgate_default]
Compiling architecture rtl of entity xil_defaultlib.LogicGates [logicgates_default]
Compiling architecture rtl of entity xil_defaultlib.LogicGates_export [logicgates_export_default]
Compiling architecture arch_imp of entity xil_defaultlib.LogicGates_AXI_v1_0 [logicgates_axi_v1_0_default]
Compiling architecture design_1_logicgates_axi_0_0_arch of entity xil_defaultlib.design_1_LogicGates_AXI_0_0 [design_1_logicgates_axi_0_0_defa...]
Compiling architecture bibuf_v of entity unisim.BIBUF [bibuf_default]
Compiling architecture lut1_v of entity unisim.LUT1 [\LUT1(init="0001")(0,3)\]
Compiling architecture gnd_v of entity unisim.GND [gnd_default]
Compiling architecture ps7_v of entity unisim.PS7 [\PS7:design_1_wrapper:design_1_i...]
Compiling architecture bufg_v of entity unisim.BUFG [bufg_default]
Compiling architecture lut1_v of entity unisim.LUT1 [\LUT1(init="0010")(0,3)\]
Compiling architecture structure of entity xil_defaultlib.design_1_processing_system7_0_0_processing_system7_v5_5_processing_system7 [\design_1_processing_system7_0_0...]
Compiling architecture structure of entity xil_defaultlib.design_1_processing_system7_0_0 [\design_1_processing_system7_0_0...]
Compiling architecture vcc_v of entity unisim.VCC [vcc_default]
Compiling architecture lut4_v of entity unisim.LUT4 [\LUT4(init="1010111010101010")(0...]
Compiling architecture lut4_v of entity unisim.LUT4 [\LUT4(init="0000111000000010")(0...]
Compiling architecture lut5_v of entity unisim.LUT5 [\LUT5(init="00000000000000000010...]
Compiling architecture lut2_v of entity unisim.LUT2 [\LUT2(init="0010")(0,3)\]
Compiling architecture lut3_v of entity unisim.LUT3 [\LUT3(init="10001111")(0,7)\]
Compiling architecture lut5_v of entity unisim.LUT5 [\LUT5(init="11111111011100001111...]
Compiling architecture lut5_v of entity unisim.LUT5 [\LUT5(init="11111111111111110000...]
Compiling architecture lut3_v of entity unisim.LUT3 [\LUT3(init="00100000")(0,7)\]
Compiling architecture lut4_v of entity unisim.LUT4 [\LUT4(init="1111101100001000")(0...]
Compiling architecture lut4_v of entity unisim.LUT4 [\LUT4(init="1010101110101000")(0...]
Compiling architecture lut6_v of entity unisim.LUT6 [\LUT6(init="11111111110011111111...]
Compiling architecture lut6_v of entity unisim.LUT6 [\LUT6(init="11111111111111111111...]
Compiling architecture lut6_v of entity unisim.LUT6 [\LUT6(init="00000000000000000111...]
Compiling architecture lut5_v of entity unisim.LUT5 [\LUT5(init="00001111110000000000...]
Compiling architecture fdre_v of entity unisim.FDRE [fdre_default]
Compiling architecture lut3_v of entity unisim.LUT3 [\LUT3(init="00000100")(0,7)\]
Compiling architecture structure of entity xil_defaultlib.design_1_auto_pc_0_axi_protocol_converter_v2_1_12_b2s_rd_cmd_fsm [design_1_auto_pc_0_axi_protocol_...]
Compiling architecture lut6_v of entity unisim.LUT6 [\LUT6(init="10101010101010100110...]
Compiling architecture lut6_v of entity unisim.LUT6 [\LUT6(init="00101010001010100010...]
Compiling architecture lut6_v of entity unisim.LUT6 [\LUT6(init="00001010000010100000...]
Compiling architecture lut6_v of entity unisim.LUT6 [\LUT6(init="00000010000000100000...]
Compiling architecture lut3_v of entity unisim.LUT3 [\LUT3(init="10111000")(0,7)\]
Compiling architecture carry4_v of entity unisim.CARRY4 [carry4_default]
Compiling architecture lut6_v of entity unisim.LUT6 [\LUT6(init="01000100010001000100...]
Compiling architecture lut5_v of entity unisim.LUT5 [\LUT5(init="11111000100011111000...]
Compiling architecture lut6_v of entity unisim.LUT6 [\LUT6(init="11111000111110001111...]
Compiling architecture lut6_v of entity unisim.LUT6 [\LUT6(init="10101010101010010000...]
Compiling architecture lut5_v of entity unisim.LUT5 [\LUT5(init="01010101010101000101...]
Compiling architecture lut5_v of entity unisim.LUT5 [\LUT5(init="10101010101010101010...]
Compiling architecture lut6_v of entity unisim.LUT6 [\LUT6(init="10101010101010101010...]
Compiling architecture lut3_v of entity unisim.LUT3 [\LUT3(init="10100110")(0,7)\]
Compiling architecture lut4_v of entity unisim.LUT4 [\LUT4(init="1010100110101010")(0...]
Compiling architecture lut5_v of entity unisim.LUT5 [\LUT5(init="00000000000000000000...]
Compiling architecture lut4_v of entity unisim.LUT4 [\LUT4(init="1110111101000000")(0...]
Compiling architecture lut5_v of entity unisim.LUT5 [\LUT5(init="11111111111111110101...]
Compiling architecture lut4_v of entity unisim.LUT4 [\LUT4(init="0000000000000010")(0...]
Compiling architecture lut4_v of entity unisim.LUT4 [\LUT4(init="0000000000000001")(0...]
Compiling architecture structure of entity xil_defaultlib.design_1_auto_pc_0_axi_protocol_converter_v2_1_12_b2s_incr_cmd_2 [design_1_auto_pc_0_axi_protocol_...]
Compiling architecture lut3_v of entity unisim.LUT3 [\LUT3(init="00011101")(0,7)\]
Compiling architecture lut5_v of entity unisim.LUT5 [\LUT5(init="10111000111111111011...]
Compiling architecture lut4_v of entity unisim.LUT4 [\LUT4(init="1111111111110110")(0...]
Compiling architecture lut6_v of entity unisim.LUT6 [\LUT6(init="01101111111101101111...]
Compiling architecture lut3_v of entity unisim.LUT3 [\LUT3(init="01101010")(0,7)\]
Compiling architecture lut3_v of entity unisim.LUT3 [\LUT3(init="10011010")(0,7)\]
Compiling architecture lut3_v of entity unisim.LUT3 [\LUT3(init="10101001")(0,7)\]
Compiling architecture lut5_v of entity unisim.LUT5 [\LUT5(init="01010101010101010101...]
Compiling architecture lut6_v of entity unisim.LUT6 [\LUT6(init="01000100010001000100...]
Compiling architecture lut6_v of entity unisim.LUT6 [\LUT6(init="11101111111000001110...]
Compiling architecture structure of entity xil_defaultlib.design_1_auto_pc_0_axi_protocol_converter_v2_1_12_b2s_wrap_cmd_3 [design_1_auto_pc_0_axi_protocol_...]
Compiling architecture structure of entity xil_defaultlib.design_1_auto_pc_0_axi_protocol_converter_v2_1_12_b2s_cmd_translator_1 [design_1_auto_pc_0_axi_protocol_...]
Compiling architecture structure of entity xil_defaultlib.design_1_auto_pc_0_axi_protocol_converter_v2_1_12_b2s_ar_channel [design_1_auto_pc_0_axi_protocol_...]
Compiling architecture lut3_v of entity unisim.LUT3 [\LUT3(init="10010110")(0,7)\]
Compiling architecture lut4_v of entity unisim.LUT4 [\LUT4(init="1010011010011010")(0...]
Compiling architecture lut5_v of entity unisim.LUT5 [\LUT5(init="10101010101010010110...]
Compiling architecture lut6_v of entity unisim.LUT6 [\LUT6(init="10101010101010101010...]
Compiling architecture lut6_v of entity unisim.LUT6 [\LUT6(init="10101010101010011010...]
Compiling architecture lut5_v of entity unisim.LUT5 [\LUT5(init="11111111111111111111...]
Compiling architecture lut3_v of entity unisim.LUT3 [\LUT3(init="01001111")(0,7)\]
Compiling architecture lut3_v of entity unisim.LUT3 [\LUT3(init="01111111")(0,7)\]
Compiling architecture fdse_v of entity unisim.FDSE [fdse_default]
Compiling architecture lut5_v of entity unisim.LUT5 [\LUT5(init="11110111011111110111...]
Compiling architecture lut6_v of entity unisim.LUT6 [\LUT6(init="11111111000010000000...]
Compiling architecture srlc32e_v of entity unisim.SRLC32E [\SRLC32E(0,31)\]
Compiling architecture lut6_v of entity unisim.LUT6 [\LUT6(init="10101010001010100010...]
Compiling architecture lut5_v of entity unisim.LUT5 [\LUT5(init="01111100000000000000...]
Compiling architecture structure of entity xil_defaultlib.\design_1_auto_pc_0_axi_protocol_converter_v2_1_12_b2s_simple_fifo__parameterized1\ [\design_1_auto_pc_0_axi_protocol...]
Compiling architecture lut5_v of entity unisim.LUT5 [\LUT5(init="10101010011010101010...]
Compiling architecture lut6_v of entity unisim.LUT6 [\LUT6(init="10101010010101011010...]
Compiling architecture lut3_v of entity unisim.LUT3 [\LUT3(init="10000000")(0,7)\]
Compiling architecture lut6_v of entity unisim.LUT6 [\LUT6(init="10111111111011101010...]
Compiling architecture structure of entity xil_defaultlib.\design_1_auto_pc_0_axi_protocol_converter_v2_1_12_b2s_simple_fifo__parameterized2\ [\design_1_auto_pc_0_axi_protocol...]
Compiling architecture structure of entity xil_defaultlib.design_1_auto_pc_0_axi_protocol_converter_v2_1_12_b2s_r_channel [design_1_auto_pc_0_axi_protocol_...]
Compiling architecture fdre_v of entity unisim.FDRE [\FDRE(init='1')\]
Compiling architecture lut5_v of entity unisim.LUT5 [\LUT5(init="11111111111000010000...]
Compiling architecture lut3_v of entity unisim.LUT3 [\LUT3(init="00101010")(0,7)\]
Compiling architecture lut3_v of entity unisim.LUT3 [\LUT3(init="00000010")(0,7)\]
Compiling architecture lut3_v of entity unisim.LUT3 [\LUT3(init="00001000")(0,7)\]
Compiling architecture lut3_v of entity unisim.LUT3 [\LUT3(init="00000001")(0,7)\]
Compiling architecture lut5_v of entity unisim.LUT5 [\LUT5(init="11111111011110000000...]
Compiling architecture lut5_v of entity unisim.LUT5 [\LUT5(init="11111111110100100000...]
Compiling architecture lut6_v of entity unisim.LUT6 [\LUT6(init="00000000000000000000...]
Compiling architecture lut6_v of entity unisim.LUT6 [\LUT6(init="10101111101000001100...]
Compiling architecture lut6_v of entity unisim.LUT6 [\LUT6(init="11111111111111111111...]
Compiling architecture lut6_v of entity unisim.LUT6 [\LUT6(init="00000011111111111111...]
Compiling architecture lut4_v of entity unisim.LUT4 [\LUT4(init="1111111111011111")(0...]
Compiling architecture lut5_v of entity unisim.LUT5 [\LUT5(init="10101010101010101010...]
Compiling architecture lut5_v of entity unisim.LUT5 [\LUT5(init="11110100010001001111...]
Compiling architecture lut4_v of entity unisim.LUT4 [\LUT4(init="1010101010001010")(0...]
Compiling architecture lut5_v of entity unisim.LUT5 [\LUT5(init="10001010100010001000...]
Compiling architecture lut6_v of entity unisim.LUT6 [\LUT6(init="10100000101000000000...]
Compiling architecture lut6_v of entity unisim.LUT6 [\LUT6(init="00000010000000100000...]
Compiling architecture lut6_v of entity unisim.LUT6 [\LUT6(init="00000000001010100000...]
Compiling architecture lut5_v of entity unisim.LUT5 [\LUT5(init="00101010001000100010...]
Compiling architecture lut4_v of entity unisim.LUT4 [\LUT4(init="0010101010101010")(0...]
Compiling architecture lut6_v of entity unisim.LUT6 [\LUT6(init="11011101110111011101...]
Compiling architecture lut2_v of entity unisim.LUT2 [\LUT2(init="1001")(0,3)\]
Compiling architecture lut4_v of entity unisim.LUT4 [\LUT4(init="1010011010101010")(0...]
Compiling architecture lut5_v of entity unisim.LUT5 [\LUT5(init="10101010101010101011...]
Compiling architecture lut6_v of entity unisim.LUT6 [\LUT6(init="00000000000000000000...]
Compiling architecture lut6_v of entity unisim.LUT6 [\LUT6(init="00000000000000000000...]
Compiling architecture lut6_v of entity unisim.LUT6 [\LUT6(init="11111111111111111111...]
Compiling architecture lut6_v of entity unisim.LUT6 [\LUT6(init="00000000000000000000...]
Compiling architecture lut6_v of entity unisim.LUT6 [\LUT6(init="00101110111000100010...]
Compiling architecture lut6_v of entity unisim.LUT6 [\LUT6(init="00001000111100111111...]
Compiling architecture lut6_v of entity unisim.LUT6 [\LUT6(init="10111111000000001111...]
Compiling architecture lut6_v of entity unisim.LUT6 [\LUT6(init="00000000000000000000...]
Compiling architecture structure of entity xil_defaultlib.design_1_auto_pc_0_axi_register_slice_v2_1_12_axic_register_slice [design_1_auto_pc_0_axi_register_...]
Compiling architecture lut2_v of entity unisim.LUT2 [\LUT2(init="0111")(0,3)\]
Compiling architecture lut6_v of entity unisim.LUT6 [\LUT6(init="00010001000111011101...]
Compiling architecture lut6_v of entity unisim.LUT6 [\LUT6(init="11100010111000101110...]
Compiling architecture lut4_v of entity unisim.LUT4 [\LUT4(init="1111010011111111")(0...]
Compiling architecture lut4_v of entity unisim.LUT4 [\LUT4(init="1111111111111110")(0...]
Compiling architecture lut6_v of entity unisim.LUT6 [\LUT6(init="10001000100010000000...]
Compiling architecture lut6_v of entity unisim.LUT6 [\LUT6(init="00000000001010101010...]
Compiling architecture structure of entity xil_defaultlib.design_1_auto_pc_0_axi_register_slice_v2_1_12_axic_register_slice_0 [design_1_auto_pc_0_axi_register_...]
Compiling architecture lut2_v of entity unisim.LUT2 [\LUT2(init="1011")(0,3)\]
Compiling architecture lut2_v of entity unisim.LUT2 [\LUT2(init="1000")(0,3)\]
Compiling architecture structure of entity xil_defaultlib.\design_1_auto_pc_0_axi_register_slice_v2_1_12_axic_register_slice__parameterized1\ [\design_1_auto_pc_0_axi_register...]
Compiling architecture lut4_v of entity unisim.LUT4 [\LUT4(init="0100111111111111")(0...]
Compiling architecture lut4_v of entity unisim.LUT4 [\LUT4(init="1111100011111111")(0...]
Compiling architecture structure of entity xil_defaultlib.\design_1_auto_pc_0_axi_register_slice_v2_1_12_axic_register_slice__parameterized2\ [\design_1_auto_pc_0_axi_register...]
Compiling architecture structure of entity xil_defaultlib.design_1_auto_pc_0_axi_register_slice_v2_1_12_axi_register_slice [design_1_auto_pc_0_axi_register_...]
Compiling architecture lut6_v of entity unisim.LUT6 [\LUT6(init="10101010101010101010...]
Compiling architecture lut6_v of entity unisim.LUT6 [\LUT6(init="00000100000000001111...]
Compiling architecture lut4_v of entity unisim.LUT4 [\LUT4(init="0000010011111111")(0...]
Compiling architecture lut5_v of entity unisim.LUT5 [\LUT5(init="00000000000000000000...]
Compiling architecture lut6_v of entity unisim.LUT6 [\LUT6(init="11001111110011110000...]
Compiling architecture lut5_v of entity unisim.LUT5 [\LUT5(init="10111000101110111011...]
Compiling architecture lut5_v of entity unisim.LUT5 [\LUT5(init="10111000100010001011...]
Compiling architecture lut6_v of entity unisim.LUT6 [\LUT6(init="01010101010101011101...]
Compiling architecture lut6_v of entity unisim.LUT6 [\LUT6(init="11111111111111111111...]
Compiling architecture lut6_v of entity unisim.LUT6 [\LUT6(init="11111111111111111111...]
Compiling architecture lut6_v of entity unisim.LUT6 [\LUT6(init="10101110111111100000...]
Compiling architecture lut6_v of entity unisim.LUT6 [\LUT6(init="00101110001000100000...]
Compiling architecture lut6_v of entity unisim.LUT6 [\LUT6(init="10101010101010101010...]
Compiling architecture lut5_v of entity unisim.LUT5 [\LUT5(init="00100011000100000110...]
Compiling architecture lut6_v of entity unisim.LUT6 [\LUT6(init="10101001100110011010...]
Compiling architecture lut6_v of entity unisim.LUT6 [\LUT6(init="10101010101011100000...]
Compiling architecture lut6_v of entity unisim.LUT6 [\LUT6(init="11111111111111111111...]
Compiling architecture lut6_v of entity unisim.LUT6 [\LUT6(init="00000000000000000000...]
Compiling architecture lut6_v of entity unisim.LUT6 [\LUT6(init="00100010001000101110...]
Compiling architecture lut6_v of entity unisim.LUT6 [\LUT6(init="11100010111000101110...]
Compiling architecture lut6_v of entity unisim.LUT6 [\LUT6(init="11111011000000001111...]
Compiling architecture structure of entity xil_defaultlib.design_1_auto_pc_0_axi_protocol_converter_v2_1_12_b2s_wr_cmd_fsm [design_1_auto_pc_0_axi_protocol_...]
Compiling architecture lut4_v of entity unisim.LUT4 [\LUT4(init="1001101010101010")(0...]
Compiling architecture lut4_v of entity unisim.LUT4 [\LUT4(init="0000101010011010")(0...]
Compiling architecture lut4_v of entity unisim.LUT4 [\LUT4(init="0000000010011010")(0...]
Compiling architecture lut4_v of entity unisim.LUT4 [\LUT4(init="0000000000001001")(0...]
Compiling architecture structure of entity xil_defaultlib.design_1_auto_pc_0_axi_protocol_converter_v2_1_12_b2s_incr_cmd [design_1_auto_pc_0_axi_protocol_...]
Compiling architecture structure of entity xil_defaultlib.design_1_auto_pc_0_axi_protocol_converter_v2_1_12_b2s_wrap_cmd [design_1_auto_pc_0_axi_protocol_...]
Compiling architecture structure of entity xil_defaultlib.design_1_auto_pc_0_axi_protocol_converter_v2_1_12_b2s_cmd_translator [design_1_auto_pc_0_axi_protocol_...]
Compiling architecture structure of entity xil_defaultlib.design_1_auto_pc_0_axi_protocol_converter_v2_1_12_b2s_aw_channel [design_1_auto_pc_0_axi_protocol_...]
Compiling architecture lut6_v of entity unisim.LUT6 [\LUT6(init="10101010101010101010...]
Compiling architecture lut4_v of entity unisim.LUT4 [\LUT4(init="0000000000101010")(0...]
Compiling architecture lut6_v of entity unisim.LUT6 [\LUT6(init="11111111111111111111...]
Compiling architecture lut4_v of entity unisim.LUT4 [\LUT4(init="1110011100011000")(0...]
Compiling architecture srl16e_v of entity unisim.SRL16E [\SRL16E(0,15)\]
Compiling architecture lut5_v of entity unisim.LUT5 [\LUT5(init="00000010000000000000...]
Compiling architecture lut5_v of entity unisim.LUT5 [\LUT5(init="10010000000010010000...]
Compiling architecture lut6_v of entity unisim.LUT6 [\LUT6(init="11111111111111101111...]
Compiling architecture structure of entity xil_defaultlib.design_1_auto_pc_0_axi_protocol_converter_v2_1_12_b2s_simple_fifo [design_1_auto_pc_0_axi_protocol_...]
Compiling architecture lut2_v of entity unisim.LUT2 [\LUT2(init="0110")(0,3)\]
Compiling architecture lut4_v of entity unisim.LUT4 [\LUT4(init="0110101010101010")(0...]
Compiling architecture lut5_v of entity unisim.LUT5 [\LUT5(init="01101010101010101010...]
Compiling architecture lut6_v of entity unisim.LUT6 [\LUT6(init="01101010101010101010...]
Compiling architecture lut6_v of entity unisim.LUT6 [\LUT6(init="10000000000000000000...]
Compiling architecture lut4_v of entity unisim.LUT4 [\LUT4(init="1001101010100110")(0...]
Compiling architecture lut4_v of entity unisim.LUT4 [\LUT4(init="0010000000000000")(0...]
Compiling architecture structure of entity xil_defaultlib.\design_1_auto_pc_0_axi_protocol_converter_v2_1_12_b2s_simple_fifo__parameterized0\ [\design_1_auto_pc_0_axi_protocol...]
Compiling architecture lut6_v of entity unisim.LUT6 [\LUT6(init="00000000000000000000...]
Compiling architecture lut4_v of entity unisim.LUT4 [\LUT4(init="0000000011101010")(0...]
Compiling architecture structure of entity xil_defaultlib.design_1_auto_pc_0_axi_protocol_converter_v2_1_12_b2s_b_channel [design_1_auto_pc_0_axi_protocol_...]
Compiling architecture structure of entity xil_defaultlib.design_1_auto_pc_0_axi_protocol_converter_v2_1_12_b2s [design_1_auto_pc_0_axi_protocol_...]
Compiling architecture structure of entity xil_defaultlib.design_1_auto_pc_0_axi_protocol_converter_v2_1_12_axi_protocol_converter [design_1_auto_pc_0_axi_protocol_...]
Compiling architecture structure of entity xil_defaultlib.design_1_auto_pc_0 [design_1_auto_pc_0_default]
Compiling architecture structure of entity xil_defaultlib.s00_couplers_imp_UYSKKA [s00_couplers_imp_uyskka_default]
Compiling architecture structure of entity xil_defaultlib.design_1_ps7_0_axi_periph_0 [design_1_ps7_0_axi_periph_0_defa...]
Compiling architecture fdr_v of entity unisim.FDR [fdr_default]
Compiling architecture implementation of entity lib_cdc_v1_0_2.cdc_sync [\cdc_sync(c_vector_width=2,c_mtb...]
Compiling architecture srl16e_v of entity unisim.SRL16E [\SRL16E(init="1111111111111111")...]
Compiling architecture srl16_v of entity unisim.SRL16 [\SRL16(init="1111111111111111")(...]
Compiling architecture imp of entity proc_sys_reset_v5_0_11.lpf [\lpf(c_ext_rst_width=4,c_aux_rst...]
Compiling architecture imp of entity proc_sys_reset_v5_0_11.upcnt_n [\upcnt_n(c_size=6)\]
Compiling architecture imp of entity proc_sys_reset_v5_0_11.sequence_psr [sequence_psr_default]
Compiling architecture imp of entity proc_sys_reset_v5_0_11.proc_sys_reset [\proc_sys_reset(c_family="zynq",...]
Compiling architecture design_1_rst_ps7_0_100m_0_arch of entity xil_defaultlib.design_1_rst_ps7_0_100M_0 [design_1_rst_ps7_0_100m_0_defaul...]
Compiling architecture structure of entity xil_defaultlib.design_1 [\design_1:design_1_wrapper:desig...]
Compiling architecture structure of entity xil_defaultlib.design_1_wrapper
Built simulation snapshot design_1_wrapper_behav
