INFO: [VRFC 10-2263] Analyzing Verilog file "/home/carljohnsen/vivado/SingleCycleMIPS/SingleCycleMIPS.ip_user_files/bd/design_1/ip/design_1_clk_wiz_0_0/design_1_clk_wiz_0_0_clk_wiz.v" into library xil_defaultlib
INFO: [VRFC 10-311] analyzing module design_1_clk_wiz_0_0_clk_wiz
INFO: [VRFC 10-2263] Analyzing Verilog file "/home/carljohnsen/vivado/SingleCycleMIPS/SingleCycleMIPS.ip_user_files/bd/design_1/ip/design_1_clk_wiz_0_0/design_1_clk_wiz_0_0.v" into library xil_defaultlib
INFO: [VRFC 10-311] analyzing module design_1_clk_wiz_0_0
INFO: [VRFC 10-2263] Analyzing Verilog file "/home/carljohnsen/vivado/SingleCycleMIPS/SingleCycleMIPS.ip_user_files/bd/design_1/hdl/design_1.v" into library xil_defaultlib
INFO: [VRFC 10-311] analyzing module design_1
INFO: [VRFC 10-2263] Analyzing Verilog file "/home/carljohnsen/vivado/SingleCycleMIPS/SingleCycleMIPS.ip_user_files/bd/design_1/ip/design_1_xlconstant_0_0/sim/design_1_xlconstant_0_0.v" into library xil_defaultlib
INFO: [VRFC 10-311] analyzing module design_1_xlconstant_0_0
INFO: [VRFC 10-2263] Analyzing Verilog file "/home/carljohnsen/vivado/SingleCycleMIPS/SingleCycleMIPS.srcs/sources_1/bd/design_1/hdl/design_1_wrapper.v" into library xil_defaultlib
INFO: [VRFC 10-311] analyzing module design_1_wrapper
INFO: [VRFC 10-2263] Analyzing Verilog file "/home/carljohnsen/vivado/SingleCycleMIPS/SingleCycleMIPS.sim/sim_1/behav/glbl.v" into library xil_defaultlib
INFO: [VRFC 10-311] analyzing module glbl
INFO: [VRFC 10-163] Analyzing VHDL file "/home/carljohnsen/vivado/SingleCycleMIPS/SingleCycleMIPS.srcs/sources_1/imports/vhdl/system_types.vhdl" into library xil_defaultlib
INFO: [VRFC 10-163] Analyzing VHDL file "/home/carljohnsen/vivado/SingleCycleMIPS/SingleCycleMIPS.srcs/sources_1/imports/vhdl/Types_SingleCycleMIPS.vhdl" into library xil_defaultlib
INFO: [VRFC 10-163] Analyzing VHDL file "/home/carljohnsen/vivado/SingleCycleMIPS/SingleCycleMIPS.srcs/sources_1/imports/vhdl/ALU.vhdl" into library xil_defaultlib
INFO: [VRFC 10-307] analyzing entity ALU
INFO: [VRFC 10-163] Analyzing VHDL file "/home/carljohnsen/vivado/SingleCycleMIPS/SingleCycleMIPS.srcs/sources_1/imports/vhdl/ALUControl.vhdl" into library xil_defaultlib
INFO: [VRFC 10-307] analyzing entity ALUControl
INFO: [VRFC 10-163] Analyzing VHDL file "/home/carljohnsen/vivado/SingleCycleMIPS/SingleCycleMIPS.srcs/sources_1/imports/vhdl/Adder.vhdl" into library xil_defaultlib
INFO: [VRFC 10-307] analyzing entity Adder
INFO: [VRFC 10-163] Analyzing VHDL file "/home/carljohnsen/vivado/SingleCycleMIPS/SingleCycleMIPS.srcs/sources_1/imports/vhdl/AndGate.vhdl" into library xil_defaultlib
INFO: [VRFC 10-307] analyzing entity AndGate
INFO: [VRFC 10-163] Analyzing VHDL file "/home/carljohnsen/vivado/SingleCycleMIPS/SingleCycleMIPS.srcs/sources_1/imports/vhdl/Control.vhdl" into library xil_defaultlib
INFO: [VRFC 10-307] analyzing entity Control
INFO: [VRFC 10-163] Analyzing VHDL file "/home/carljohnsen/vivado/SingleCycleMIPS/SingleCycleMIPS.srcs/sources_1/imports/vhdl/Splitter.vhdl" into library xil_defaultlib
INFO: [VRFC 10-307] analyzing entity Splitter
INFO: [VRFC 10-163] Analyzing VHDL file "/home/carljohnsen/vivado/SingleCycleMIPS/SingleCycleMIPS.srcs/sources_1/imports/vhdl/Mux.vhdl" into library xil_defaultlib
INFO: [VRFC 10-307] analyzing entity Mux
INFO: [VRFC 10-163] Analyzing VHDL file "/home/carljohnsen/vivado/SingleCycleMIPS/SingleCycleMIPS.srcs/sources_1/imports/vhdl/SignExtend.vhdl" into library xil_defaultlib
INFO: [VRFC 10-307] analyzing entity SignExtend
INFO: [VRFC 10-163] Analyzing VHDL file "/home/carljohnsen/vivado/SingleCycleMIPS/SingleCycleMIPS.srcs/sources_1/imports/vhdl/vhdl_Register.vhdl" into library xil_defaultlib
INFO: [VRFC 10-307] analyzing entity vhdl_Register
INFO: [VRFC 10-163] Analyzing VHDL file "/home/carljohnsen/vivado/SingleCycleMIPS/SingleCycleMIPS.srcs/sources_1/imports/vhdl/PC.vhdl" into library xil_defaultlib
INFO: [VRFC 10-307] analyzing entity PC
INFO: [VRFC 10-163] Analyzing VHDL file "/home/carljohnsen/vivado/SingleCycleMIPS/SingleCycleMIPS.srcs/sources_1/imports/vhdl/Incrementer.vhdl" into library xil_defaultlib
INFO: [VRFC 10-307] analyzing entity Incrementer
INFO: [VRFC 10-163] Analyzing VHDL file "/home/carljohnsen/vivado/SingleCycleMIPS/SingleCycleMIPS.srcs/sources_1/imports/vhdl/InstructionMemory.vhdl" into library xil_defaultlib
INFO: [VRFC 10-307] analyzing entity InstructionMemory
INFO: [VRFC 10-163] Analyzing VHDL file "/home/carljohnsen/vivado/SingleCycleMIPS/SingleCycleMIPS.srcs/sources_1/imports/vhdl/Memory.vhdl" into library xil_defaultlib
INFO: [VRFC 10-307] analyzing entity Memory
INFO: [VRFC 10-163] Analyzing VHDL file "/home/carljohnsen/vivado/SingleCycleMIPS/SingleCycleMIPS.srcs/sources_1/imports/vhdl/MemMux.vhdl" into library xil_defaultlib
INFO: [VRFC 10-307] analyzing entity MemMux
INFO: [VRFC 10-163] Analyzing VHDL file "/home/carljohnsen/vivado/SingleCycleMIPS/SingleCycleMIPS.srcs/sources_1/imports/vhdl/ImmMux.vhdl" into library xil_defaultlib
INFO: [VRFC 10-307] analyzing entity ImmMux
INFO: [VRFC 10-163] Analyzing VHDL file "/home/carljohnsen/vivado/SingleCycleMIPS/SingleCycleMIPS.srcs/sources_1/imports/vhdl/ShmtMux.vhdl" into library xil_defaultlib
INFO: [VRFC 10-307] analyzing entity ShmtMux
INFO: [VRFC 10-163] Analyzing VHDL file "/home/carljohnsen/vivado/SingleCycleMIPS/SingleCycleMIPS.srcs/sources_1/imports/vhdl/JalMux.vhdl" into library xil_defaultlib
INFO: [VRFC 10-307] analyzing entity JalMux
INFO: [VRFC 10-163] Analyzing VHDL file "/home/carljohnsen/vivado/SingleCycleMIPS/SingleCycleMIPS.srcs/sources_1/imports/vhdl/JalUnit.vhdl" into library xil_defaultlib
INFO: [VRFC 10-307] analyzing entity JalUnit
INFO: [VRFC 10-163] Analyzing VHDL file "/home/carljohnsen/vivado/SingleCycleMIPS/SingleCycleMIPS.srcs/sources_1/imports/vhdl/Mux0.vhdl" into library xil_defaultlib
INFO: [VRFC 10-307] analyzing entity Mux0
INFO: [VRFC 10-163] Analyzing VHDL file "/home/carljohnsen/vivado/SingleCycleMIPS/SingleCycleMIPS.srcs/sources_1/imports/vhdl/Mux1.vhdl" into library xil_defaultlib
INFO: [VRFC 10-307] analyzing entity Mux1
INFO: [VRFC 10-163] Analyzing VHDL file "/home/carljohnsen/vivado/SingleCycleMIPS/SingleCycleMIPS.srcs/sources_1/imports/vhdl/Mux2.vhdl" into library xil_defaultlib
INFO: [VRFC 10-307] analyzing entity Mux2
INFO: [VRFC 10-163] Analyzing VHDL file "/home/carljohnsen/vivado/SingleCycleMIPS/SingleCycleMIPS.srcs/sources_1/imports/vhdl/ShiftB.vhdl" into library xil_defaultlib
INFO: [VRFC 10-307] analyzing entity ShiftB
INFO: [VRFC 10-163] Analyzing VHDL file "/home/carljohnsen/vivado/SingleCycleMIPS/SingleCycleMIPS.srcs/sources_1/imports/vhdl/shiftJ.vhdl" into library xil_defaultlib
INFO: [VRFC 10-307] analyzing entity shiftJ
INFO: [VRFC 10-163] Analyzing VHDL file "/home/carljohnsen/vivado/SingleCycleMIPS/SingleCycleMIPS.srcs/sources_1/imports/vhdl/Packer.vhdl" into library xil_defaultlib
INFO: [VRFC 10-307] analyzing entity Packer
INFO: [VRFC 10-163] Analyzing VHDL file "/home/carljohnsen/vivado/SingleCycleMIPS/SingleCycleMIPS.srcs/sources_1/imports/vhdl/WriteBuffer.vhdl" into library xil_defaultlib
INFO: [VRFC 10-307] analyzing entity WriteBuffer
INFO: [VRFC 10-163] Analyzing VHDL file "/home/carljohnsen/vivado/SingleCycleMIPS/SingleCycleMIPS.srcs/sources_1/imports/vhdl/SingleCycleMIPS.vhdl" into library xil_defaultlib
INFO: [VRFC 10-307] analyzing entity SingleCycleMIPS
INFO: [VRFC 10-163] Analyzing VHDL file "/home/carljohnsen/vivado/SingleCycleMIPS/SingleCycleMIPS.srcs/sources_1/imports/vhdl/Export_SingleCycleMIPS.vhdl" into library xil_defaultlib
INFO: [VRFC 10-307] analyzing entity SingleCycleMIPS_export
INFO: [VRFC 10-163] Analyzing VHDL file "/home/carljohnsen/vivado/SingleCycleMIPS/SingleCycleMIPS.ip_user_files/bd/design_1/ip/design_1_SingleCycleMIPS_export_0_0/sim/design_1_SingleCycleMIPS_export_0_0.vhd" into library xil_defaultlib
INFO: [VRFC 10-307] analyzing entity design_1_SingleCycleMIPS_export_0_0
INFO: [VRFC 10-163] Analyzing VHDL file "/home/carljohnsen/vivado/SingleCycleMIPS/SingleCycleMIPS.ip_user_files/bd/design_1/ip/design_1_proc_sys_reset_0_0/sim/design_1_proc_sys_reset_0_0.vhd" into library xil_defaultlib
INFO: [VRFC 10-307] analyzing entity design_1_proc_sys_reset_0_0
