Copyright 1986-2017 Xilinx, Inc. All Rights Reserved.
------------------------------------------------------------------------------------
| Tool Version : Vivado v.2017.1 (win64) Build 1846317 Fri Apr 14 18:55:03 MDT 2017
| Date         : Wed Aug  2 12:57:11 2017
| Host         : L10-0002 running 64-bit major release  (build 9200)
| Command      : upgrade_ip
| Device       : xc7z020clg484-1
------------------------------------------------------------------------------------

Upgrade Log for IP 'design_1_SingleCycleMIPS_axi_v1_0_0_0'

1. Summary
----------

SUCCESS in the upgrade of design_1_SingleCycleMIPS_axi_v1_0_0_0 (carljohnsen:user:SingleCycleMIPS_axi:1.0) from (Rev. 10) to (Rev. 11)






Copyright 1986-2017 Xilinx, Inc. All Rights Reserved.
------------------------------------------------------------------------------------
| Tool Version : Vivado v.2017.1 (win64) Build 1846317 Fri Apr 14 18:55:03 MDT 2017
| Date         : Mon Jul 10 10:37:51 2017
| Host         : L10-0002 running 64-bit major release  (build 9200)
| Command      : upgrade_ip
| Device       : xc7z020clg484-1
------------------------------------------------------------------------------------

Upgrade Log for IP 'design_1_SingleCycleMIPS_axi_v1_0_0_0'

1. Summary
----------

SUCCESS in the upgrade of design_1_SingleCycleMIPS_axi_v1_0_0_0 (carljohnsen:user:SingleCycleMIPS_axi:1.0) from (Rev. 9) to (Rev. 10)






Copyright 1986-2017 Xilinx, Inc. All Rights Reserved.
------------------------------------------------------------------------------------
| Tool Version : Vivado v.2017.1 (win64) Build 1846317 Fri Apr 14 18:55:03 MDT 2017
| Date         : Fri Jul  7 15:16:15 2017
| Host         : L10-0002 running 64-bit major release  (build 9200)
| Command      : upgrade_ip
| Device       : xc7z020clg484-1
------------------------------------------------------------------------------------

Upgrade Log for IP 'design_1_SingleCycleMIPS_axi_v1_0_0_0'

1. Summary
----------

SUCCESS in the upgrade of design_1_SingleCycleMIPS_axi_v1_0_0_0 (carljohnsen:user:SingleCycleMIPS_axi:1.0) from (Rev. 8) to (Rev. 9)






Copyright 1986-2017 Xilinx, Inc. All Rights Reserved.
------------------------------------------------------------------------------------
| Tool Version : Vivado v.2017.1 (win64) Build 1846317 Fri Apr 14 18:55:03 MDT 2017
| Date         : Fri Jul  7 13:02:32 2017
| Host         : L10-0002 running 64-bit major release  (build 9200)
| Command      : upgrade_ip
| Device       : xc7z020clg484-1
------------------------------------------------------------------------------------

Upgrade Log for IP 'design_1_SingleCycleMIPS_axi_v1_0_0_0'

1. Summary
----------

SUCCESS in the upgrade of design_1_SingleCycleMIPS_axi_v1_0_0_0 (carljohnsen:user:SingleCycleMIPS_axi:1.0) from (Rev. 7) to (Rev. 8)






Copyright 1986-2017 Xilinx, Inc. All Rights Reserved.
------------------------------------------------------------------------------------
| Tool Version : Vivado v.2017.1 (win64) Build 1846317 Fri Apr 14 18:55:03 MDT 2017
| Date         : Wed Jul  5 16:49:06 2017
| Host         : L10-0002 running 64-bit major release  (build 9200)
| Command      : upgrade_ip
| Device       : xc7z020clg484-1
------------------------------------------------------------------------------------

Upgrade Log for IP 'design_1_SingleCycleMIPS_axi_v1_0_0_0'

1. Summary
----------

SUCCESS in the upgrade of design_1_SingleCycleMIPS_axi_v1_0_0_0 (carljohnsen:user:SingleCycleMIPS_axi:1.0) from (Rev. 6) to (Rev. 7)






Copyright 1986-2017 Xilinx, Inc. All Rights Reserved.
------------------------------------------------------------------------------------
| Tool Version : Vivado v.2017.1 (win64) Build 1846317 Fri Apr 14 18:55:03 MDT 2017
| Date         : Wed Jul  5 16:07:55 2017
| Host         : L10-0002 running 64-bit major release  (build 9200)
| Command      : upgrade_ip
| Device       : xc7z020clg484-1
------------------------------------------------------------------------------------

Upgrade Log for IP 'design_1_SingleCycleMIPS_axi_v1_0_0_0'

1. Summary
----------

CAUTION (success, with warnings) in the upgrade of design_1_SingleCycleMIPS_axi_v1_0_0_0 (carljohnsen:user:SingleCycleMIPS_axi:1.0) from (Rev. 5) to (Rev. 6)

After upgrade, an IP may have parameter and port differences compared to the original customization. Please review the parameters within the IP customization GUI to ensure proper functionality. Also, please review the updated IP instantiation template to ensure proper connectivity, and update your design if required.

2. Interface Information
------------------------

Detected external interface differences while upgrading 'design_1_SingleCycleMIPS_axi_v1_0_0_0'.


-Upgrade has removed interface 'cpu_rst'


3. Connection Warnings
----------------------

Detected external port differences while upgrading 'design_1_SingleCycleMIPS_axi_v1_0_0_0'. These changes may impact your design.


-Upgrade has removed port 'cpu_rst'







Copyright 1986-2017 Xilinx, Inc. All Rights Reserved.
------------------------------------------------------------------------------------
| Tool Version : Vivado v.2017.1 (win64) Build 1846317 Fri Apr 14 18:55:03 MDT 2017
| Date         : Wed Jul  5 16:03:29 2017
| Host         : L10-0002 running 64-bit major release  (build 9200)
| Command      : upgrade_ip
| Device       : xc7z020clg484-1
------------------------------------------------------------------------------------

Upgrade Log for IP 'design_1_SingleCycleMIPS_axi_v1_0_0_0'

1. Summary
----------

SUCCESS in the upgrade of design_1_SingleCycleMIPS_axi_v1_0_0_0 (carljohnsen:user:SingleCycleMIPS_axi:1.0) from (Rev. 4) to (Rev. 5)






Copyright 1986-2017 Xilinx, Inc. All Rights Reserved.
------------------------------------------------------------------------------------
| Tool Version : Vivado v.2017.1 (win64) Build 1846317 Fri Apr 14 18:55:03 MDT 2017
| Date         : Wed Jul  5 14:42:50 2017
| Host         : L10-0002 running 64-bit major release  (build 9200)
| Command      : upgrade_ip
| Device       : xc7z020clg484-1
------------------------------------------------------------------------------------

Upgrade Log for IP 'design_1_SingleCycleMIPS_axi_v1_0_0_0'

1. Summary
----------

SUCCESS in the upgrade of design_1_SingleCycleMIPS_axi_v1_0_0_0 (carljohnsen:user:SingleCycleMIPS_axi:1.0) from (Rev. 3) to (Rev. 4)






Copyright 1986-2017 Xilinx, Inc. All Rights Reserved.
------------------------------------------------------------------------------------
| Tool Version : Vivado v.2017.1 (win64) Build 1846317 Fri Apr 14 18:55:03 MDT 2017
| Date         : Wed Jul  5 14:41:39 2017
| Host         : L10-0002 running 64-bit major release  (build 9200)
| Command      : upgrade_ip
| Device       : xc7z020clg484-1
------------------------------------------------------------------------------------

Upgrade Log for IP 'design_1_SingleCycleMIPS_axi_v1_0_0_0'

1. Summary
----------

SUCCESS in the upgrade of design_1_SingleCycleMIPS_axi_v1_0_0_0 (carljohnsen:user:SingleCycleMIPS_axi:1.0) from (Rev. 2) to (Rev. 3)






Copyright 1986-2017 Xilinx, Inc. All Rights Reserved.
------------------------------------------------------------------------------------
| Tool Version : Vivado v.2017.1 (win64) Build 1846317 Fri Apr 14 18:55:03 MDT 2017
| Date         : Fri Jun 23 12:33:20 2017
| Host         : L10-0002 running 64-bit major release  (build 9200)
| Command      : upgrade_ip
| Device       : xc7z020clg484-1
------------------------------------------------------------------------------------

Upgrade Log for IP 'design_1_SingleCycleMIPS_axi_v1_0_0_0'

1. Summary
----------

SUCCESS in the upgrade of design_1_SingleCycleMIPS_axi_v1_0_0_0 (carljohnsen:user:SingleCycleMIPS_axi:1.0) from (Rev. 1) to (Rev. 2)






Copyright 1986-2017 Xilinx, Inc. All Rights Reserved.
------------------------------------------------------------------------------------
| Tool Version : Vivado v.2017.1 (win64) Build 1846317 Fri Apr 14 18:55:03 MDT 2017
| Date         : Wed Jun 21 14:37:59 2017
| Host         : L10-0002 running 64-bit major release  (build 9200)
| Command      : upgrade_ip
| Device       : xc7z020clg484-1
------------------------------------------------------------------------------------

Upgrade Log for IP 'design_1_SingleCycleMIPS_axi_v1_0_0_0'

1. Summary
----------

SUCCESS in the upgrade of design_1_SingleCycleMIPS_axi_v1_0_0_0 from carljohnsen:user:SingleCycleMIPS_axi_v1_0:1.0 (Rev. 3) to carljohnsen:user:SingleCycleMIPS_axi:1.0 (Rev. 1)

